2023-05-25 18:47:43,406 INFO 

2023-05-25 18:47:43,406 INFO ---Perfoming cross-validation training/evaluating. Evaluating fold 0---

2023-05-25 18:47:43,461 INFO defaultdict(<class 'collections.OrderedDict'>, {'valid_0': OrderedDict([('l1', 52.64603561504118), ('l2', 3164.22136423326)])})
2023-05-25 18:47:43,462 INFO validation fold: 0, mae: 52.64603561504118
2023-05-25 18:47:43,462 INFO 

2023-05-25 18:47:43,462 INFO ---Perfoming cross-validation training/evaluating. Evaluating fold 1---

2023-05-25 18:47:43,548 INFO defaultdict(<class 'collections.OrderedDict'>, {'valid_0': OrderedDict([('l1', 52.261697258612124), ('l2', 3146.21853107913)])})
2023-05-25 18:47:43,548 INFO validation fold: 1, mae: 52.261697258612124
2023-05-25 18:47:43,548 INFO 

2023-05-25 18:47:43,548 INFO ---Perfoming cross-validation training/evaluating. Evaluating fold 2---

2023-05-25 18:47:43,599 INFO defaultdict(<class 'collections.OrderedDict'>, {'valid_0': OrderedDict([('l1', 53.54105732381393), ('l2', 3274.469058341376)])})
2023-05-25 18:47:43,600 INFO validation fold: 2, mae: 53.54105732381393
2023-05-25 18:47:43,600 INFO 

2023-05-25 18:47:43,600 INFO ---Perfoming cross-validation training/evaluating. Evaluating fold 3---

2023-05-25 18:47:43,644 INFO defaultdict(<class 'collections.OrderedDict'>, {'valid_0': OrderedDict([('l1', 52.80325644268855), ('l2', 3162.884569994231)])})
2023-05-25 18:47:43,644 INFO validation fold: 3, mae: 52.80325644268855
2023-05-25 18:47:43,645 INFO 

2023-05-25 18:47:43,645 INFO ---Perfoming cross-validation training/evaluating. Evaluating fold 4---

2023-05-25 18:47:43,707 INFO defaultdict(<class 'collections.OrderedDict'>, {'valid_0': OrderedDict([('l1', 52.88921720256689), ('l2', 3198.809984910467)])})
2023-05-25 18:47:43,707 INFO validation fold: 4, mae: 52.88921720256689
2023-05-25 18:47:43,708 INFO 

2023-05-25 18:47:43,708 INFO ---Finished training---
2023-05-25 18:47:43,708 INFO Mean of mae over all folds: 52.828252768544544
2023-05-25 18:47:43,709 INFO 

2023-05-25 18:47:43,709 INFO ---Perfoming cross-validation training/evaluating. Evaluating fold 0---

2023-05-25 18:47:43,755 INFO defaultdict(<class 'collections.OrderedDict'>, {'valid_0': OrderedDict([('l1', 52.64603561504118), ('l2', 3164.2213642332604)])})
2023-05-25 18:47:43,755 INFO validation fold: 0, mae: 52.64603561504118
2023-05-25 18:47:43,755 INFO 

2023-05-25 18:47:43,755 INFO ---Perfoming cross-validation training/evaluating. Evaluating fold 1---

2023-05-25 18:47:43,805 INFO defaultdict(<class 'collections.OrderedDict'>, {'valid_0': OrderedDict([('l1', 52.261697258612124), ('l2', 3146.21853107913)])})
2023-05-25 18:47:43,805 INFO validation fold: 1, mae: 52.261697258612124
2023-05-25 18:47:43,805 INFO 

2023-05-25 18:47:43,805 INFO ---Perfoming cross-validation training/evaluating. Evaluating fold 2---

2023-05-25 18:47:43,851 INFO defaultdict(<class 'collections.OrderedDict'>, {'valid_0': OrderedDict([('l1', 53.54105732381394), ('l2', 3274.469058341376)])})
2023-05-25 18:47:43,851 INFO validation fold: 2, mae: 53.54105732381394
2023-05-25 18:47:43,852 INFO 

2023-05-25 18:47:43,852 INFO ---Perfoming cross-validation training/evaluating. Evaluating fold 3---

2023-05-25 18:47:43,897 INFO defaultdict(<class 'collections.OrderedDict'>, {'valid_0': OrderedDict([('l1', 52.80325644268855), ('l2', 3162.884569994231)])})
2023-05-25 18:47:43,897 INFO validation fold: 3, mae: 52.80325644268855
2023-05-25 18:47:43,897 INFO 

2023-05-25 18:47:43,897 INFO ---Perfoming cross-validation training/evaluating. Evaluating fold 4---

2023-05-25 18:47:43,940 INFO defaultdict(<class 'collections.OrderedDict'>, {'valid_0': OrderedDict([('l1', 52.88921720256689), ('l2', 3198.8099849104665)])})
2023-05-25 18:47:43,940 INFO validation fold: 4, mae: 52.88921720256689
2023-05-25 18:47:43,942 INFO 

2023-05-25 18:47:43,943 INFO ---Finished training---
2023-05-25 18:47:43,943 INFO Mean of mae over all folds: 52.828252768544544
2023-05-25 18:47:43,945 INFO 

2023-05-25 18:47:43,945 INFO ---Perfoming cross-validation training/evaluating. Evaluating fold 0---

2023-05-25 18:47:43,981 INFO defaultdict(<class 'collections.OrderedDict'>, {'valid_0': OrderedDict([('l1', 52.64603561504118), ('l2', 3164.2213642332604)])})
2023-05-25 18:47:43,981 INFO validation fold: 0, mae: 52.64603561504118
2023-05-25 18:47:43,981 INFO 

2023-05-25 18:47:43,982 INFO ---Perfoming cross-validation training/evaluating. Evaluating fold 1---

2023-05-25 18:47:44,015 INFO defaultdict(<class 'collections.OrderedDict'>, {'valid_0': OrderedDict([('l1', 52.261697258612124), ('l2', 3146.21853107913)])})
2023-05-25 18:47:44,015 INFO validation fold: 1, mae: 52.261697258612124
2023-05-25 18:47:44,015 INFO 

2023-05-25 18:47:44,016 INFO ---Perfoming cross-validation training/evaluating. Evaluating fold 2---

2023-05-25 18:47:44,050 INFO defaultdict(<class 'collections.OrderedDict'>, {'valid_0': OrderedDict([('l1', 53.54105732381394), ('l2', 3274.469058341376)])})
2023-05-25 18:47:44,050 INFO validation fold: 2, mae: 53.54105732381394
2023-05-25 18:47:44,051 INFO 

2023-05-25 18:47:44,051 INFO ---Perfoming cross-validation training/evaluating. Evaluating fold 3---

2023-05-25 18:47:44,087 INFO defaultdict(<class 'collections.OrderedDict'>, {'valid_0': OrderedDict([('l1', 52.80325644268855), ('l2', 3162.884569994231)])})
2023-05-25 18:47:44,087 INFO validation fold: 3, mae: 52.80325644268855
2023-05-25 18:47:44,087 INFO 

2023-05-25 18:47:44,088 INFO ---Perfoming cross-validation training/evaluating. Evaluating fold 4---

2023-05-25 18:47:44,121 INFO defaultdict(<class 'collections.OrderedDict'>, {'valid_0': OrderedDict([('l1', 52.88921720256689), ('l2', 3198.8099849104665)])})
2023-05-25 18:47:44,121 INFO validation fold: 4, mae: 52.88921720256689
2023-05-25 18:47:44,121 INFO 

2023-05-25 18:47:44,122 INFO ---Finished training---
2023-05-25 18:47:44,122 INFO Mean of mae over all folds: 52.828252768544544
2023-05-25 18:47:44,123 INFO 

2023-05-25 18:47:44,123 INFO ---Perfoming cross-validation training/evaluating. Evaluating fold 0---

2023-05-25 18:47:44,173 INFO defaultdict(<class 'collections.OrderedDict'>, {'valid_0': OrderedDict([('l1', 52.64603561504118), ('l2', 3164.22136423326)])})
2023-05-25 18:47:44,173 INFO validation fold: 0, mae: 52.64603561504118
2023-05-25 18:47:44,173 INFO 

2023-05-25 18:47:44,173 INFO ---Perfoming cross-validation training/evaluating. Evaluating fold 1---

2023-05-25 18:47:44,222 INFO defaultdict(<class 'collections.OrderedDict'>, {'valid_0': OrderedDict([('l1', 52.261697258612124), ('l2', 3146.21853107913)])})
2023-05-25 18:47:44,222 INFO validation fold: 1, mae: 52.261697258612124
2023-05-25 18:47:44,222 INFO 

2023-05-25 18:47:44,222 INFO ---Perfoming cross-validation training/evaluating. Evaluating fold 2---

2023-05-25 18:47:44,273 INFO defaultdict(<class 'collections.OrderedDict'>, {'valid_0': OrderedDict([('l1', 53.54105732381394), ('l2', 3274.469058341376)])})
2023-05-25 18:47:44,274 INFO validation fold: 2, mae: 53.54105732381394
2023-05-25 18:47:44,274 INFO 

2023-05-25 18:47:44,274 INFO ---Perfoming cross-validation training/evaluating. Evaluating fold 3---

2023-05-25 18:47:44,320 INFO defaultdict(<class 'collections.OrderedDict'>, {'valid_0': OrderedDict([('l1', 52.80325644268855), ('l2', 3162.884569994231)])})
2023-05-25 18:47:44,321 INFO validation fold: 3, mae: 52.80325644268855
2023-05-25 18:47:44,321 INFO 

2023-05-25 18:47:44,321 INFO ---Perfoming cross-validation training/evaluating. Evaluating fold 4---

2023-05-25 18:47:44,370 INFO defaultdict(<class 'collections.OrderedDict'>, {'valid_0': OrderedDict([('l1', 52.88921720256689), ('l2', 3198.8099849104665)])})
2023-05-25 18:47:44,370 INFO validation fold: 4, mae: 52.88921720256689
2023-05-25 18:47:44,370 INFO 

2023-05-25 18:47:44,370 INFO ---Finished training---
2023-05-25 18:47:44,371 INFO Mean of mae over all folds: 52.828252768544544
2023-05-25 18:47:44,372 INFO 

2023-05-25 18:47:44,372 INFO ---Perfoming cross-validation training/evaluating. Evaluating fold 0---

2023-05-25 18:47:44,402 INFO defaultdict(<class 'collections.OrderedDict'>, {'valid_0': OrderedDict([('l1', 52.64603561504118), ('l2', 3164.22136423326)])})
2023-05-25 18:47:44,403 INFO validation fold: 0, mae: 52.64603561504118
2023-05-25 18:47:44,403 INFO 

2023-05-25 18:47:44,403 INFO ---Perfoming cross-validation training/evaluating. Evaluating fold 1---

2023-05-25 18:47:44,432 INFO defaultdict(<class 'collections.OrderedDict'>, {'valid_0': OrderedDict([('l1', 52.261697258612124), ('l2', 3146.21853107913)])})
2023-05-25 18:47:44,432 INFO validation fold: 1, mae: 52.261697258612124
2023-05-25 18:47:44,433 INFO 

2023-05-25 18:47:44,433 INFO ---Perfoming cross-validation training/evaluating. Evaluating fold 2---

2023-05-25 18:47:44,461 INFO defaultdict(<class 'collections.OrderedDict'>, {'valid_0': OrderedDict([('l1', 53.54105732381393), ('l2', 3274.469058341376)])})
2023-05-25 18:47:44,462 INFO validation fold: 2, mae: 53.54105732381393
2023-05-25 18:47:44,462 INFO 

2023-05-25 18:47:44,462 INFO ---Perfoming cross-validation training/evaluating. Evaluating fold 3---

2023-05-25 18:47:44,493 INFO defaultdict(<class 'collections.OrderedDict'>, {'valid_0': OrderedDict([('l1', 52.80325644268855), ('l2', 3162.884569994231)])})
2023-05-25 18:47:44,493 INFO validation fold: 3, mae: 52.80325644268855
2023-05-25 18:47:44,493 INFO 

2023-05-25 18:47:44,493 INFO ---Perfoming cross-validation training/evaluating. Evaluating fold 4---

2023-05-25 18:47:44,532 INFO defaultdict(<class 'collections.OrderedDict'>, {'valid_0': OrderedDict([('l1', 52.88921720256689), ('l2', 3198.8099849104665)])})
2023-05-25 18:47:44,532 INFO validation fold: 4, mae: 52.88921720256689
2023-05-25 18:47:44,532 INFO 

2023-05-25 18:47:44,533 INFO ---Finished training---
2023-05-25 18:47:44,533 INFO Mean of mae over all folds: 52.828252768544544
2023-05-25 18:47:44,534 INFO 

2023-05-25 18:47:44,534 INFO ---Perfoming cross-validation training/evaluating. Evaluating fold 0---

2023-05-25 18:47:44,574 INFO defaultdict(<class 'collections.OrderedDict'>, {'valid_0': OrderedDict([('l1', 52.64603561504118), ('l2', 3164.22136423326)])})
2023-05-25 18:47:44,574 INFO validation fold: 0, mae: 52.64603561504118
2023-05-25 18:47:44,575 INFO 

2023-05-25 18:47:44,575 INFO ---Perfoming cross-validation training/evaluating. Evaluating fold 1---

2023-05-25 18:47:44,615 INFO defaultdict(<class 'collections.OrderedDict'>, {'valid_0': OrderedDict([('l1', 52.261697258612124), ('l2', 3146.21853107913)])})
2023-05-25 18:47:44,617 INFO validation fold: 1, mae: 52.261697258612124
2023-05-25 18:47:44,617 INFO 

2023-05-25 18:47:44,617 INFO ---Perfoming cross-validation training/evaluating. Evaluating fold 2---

2023-05-25 18:47:44,660 INFO defaultdict(<class 'collections.OrderedDict'>, {'valid_0': OrderedDict([('l1', 53.54105732381393), ('l2', 3274.469058341376)])})
2023-05-25 18:47:44,660 INFO validation fold: 2, mae: 53.54105732381393
2023-05-25 18:47:44,660 INFO 

2023-05-25 18:47:44,660 INFO ---Perfoming cross-validation training/evaluating. Evaluating fold 3---

2023-05-25 18:47:44,702 INFO defaultdict(<class 'collections.OrderedDict'>, {'valid_0': OrderedDict([('l1', 52.80325644268855), ('l2', 3162.884569994231)])})
2023-05-25 18:47:44,702 INFO validation fold: 3, mae: 52.80325644268855
2023-05-25 18:47:44,702 INFO 

2023-05-25 18:47:44,702 INFO ---Perfoming cross-validation training/evaluating. Evaluating fold 4---

2023-05-25 18:47:44,741 INFO defaultdict(<class 'collections.OrderedDict'>, {'valid_0': OrderedDict([('l1', 52.88921720256689), ('l2', 3198.8099849104665)])})
2023-05-25 18:47:44,742 INFO validation fold: 4, mae: 52.88921720256689
2023-05-25 18:47:44,742 INFO 

2023-05-25 18:47:44,742 INFO ---Finished training---
2023-05-25 18:47:44,742 INFO Mean of mae over all folds: 52.828252768544544
2023-05-25 18:47:44,744 INFO 

2023-05-25 18:47:44,744 INFO ---Perfoming cross-validation training/evaluating. Evaluating fold 0---

2023-05-25 18:47:44,789 INFO defaultdict(<class 'collections.OrderedDict'>, {'valid_0': OrderedDict([('l1', 52.64603561504118), ('l2', 3164.2213642332604)])})
2023-05-25 18:47:44,790 INFO validation fold: 0, mae: 52.64603561504118
2023-05-25 18:47:44,790 INFO 

2023-05-25 18:47:44,790 INFO ---Perfoming cross-validation training/evaluating. Evaluating fold 1---

2023-05-25 18:47:44,830 INFO defaultdict(<class 'collections.OrderedDict'>, {'valid_0': OrderedDict([('l1', 52.261697258612124), ('l2', 3146.21853107913)])})
2023-05-25 18:47:44,831 INFO validation fold: 1, mae: 52.261697258612124
2023-05-25 18:47:44,831 INFO 

2023-05-25 18:47:44,831 INFO ---Perfoming cross-validation training/evaluating. Evaluating fold 2---

2023-05-25 18:47:44,872 INFO defaultdict(<class 'collections.OrderedDict'>, {'valid_0': OrderedDict([('l1', 53.54105732381393), ('l2', 3274.469058341376)])})
2023-05-25 18:47:44,873 INFO validation fold: 2, mae: 53.54105732381393
2023-05-25 18:47:44,873 INFO 

2023-05-25 18:47:44,873 INFO ---Perfoming cross-validation training/evaluating. Evaluating fold 3---

2023-05-25 18:47:44,917 INFO defaultdict(<class 'collections.OrderedDict'>, {'valid_0': OrderedDict([('l1', 52.80325644268855), ('l2', 3162.884569994231)])})
2023-05-25 18:47:44,917 INFO validation fold: 3, mae: 52.80325644268855
2023-05-25 18:47:44,917 INFO 

2023-05-25 18:47:44,917 INFO ---Perfoming cross-validation training/evaluating. Evaluating fold 4---

2023-05-25 18:47:44,957 INFO defaultdict(<class 'collections.OrderedDict'>, {'valid_0': OrderedDict([('l1', 52.88921720256689), ('l2', 3198.8099849104665)])})
2023-05-25 18:47:44,957 INFO validation fold: 4, mae: 52.88921720256689
2023-05-25 18:47:44,957 INFO 

2023-05-25 18:47:44,957 INFO ---Finished training---
2023-05-25 18:47:44,957 INFO Mean of mae over all folds: 52.828252768544544
2023-05-25 18:47:44,959 INFO 

2023-05-25 18:47:44,959 INFO ---Perfoming cross-validation training/evaluating. Evaluating fold 0---

2023-05-25 18:47:45,037 INFO defaultdict(<class 'collections.OrderedDict'>, {'valid_0': OrderedDict([('l1', 52.64603561504118), ('l2', 3164.22136423326)])})
2023-05-25 18:47:45,037 INFO validation fold: 0, mae: 52.64603561504118
2023-05-25 18:47:45,037 INFO 

2023-05-25 18:47:45,037 INFO ---Perfoming cross-validation training/evaluating. Evaluating fold 1---

2023-05-25 18:47:45,113 INFO defaultdict(<class 'collections.OrderedDict'>, {'valid_0': OrderedDict([('l1', 52.261697258612124), ('l2', 3146.21853107913)])})
2023-05-25 18:47:45,113 INFO validation fold: 1, mae: 52.261697258612124
2023-05-25 18:47:45,114 INFO 

2023-05-25 18:47:45,114 INFO ---Perfoming cross-validation training/evaluating. Evaluating fold 2---

2023-05-25 18:47:45,260 INFO defaultdict(<class 'collections.OrderedDict'>, {'valid_0': OrderedDict([('l1', 53.54105732381393), ('l2', 3274.469058341376)])})
2023-05-25 18:47:45,260 INFO validation fold: 2, mae: 53.54105732381393
2023-05-25 18:47:45,260 INFO 

2023-05-25 18:47:45,260 INFO ---Perfoming cross-validation training/evaluating. Evaluating fold 3---

2023-05-25 18:47:45,321 INFO defaultdict(<class 'collections.OrderedDict'>, {'valid_0': OrderedDict([('l1', 52.80325644268855), ('l2', 3162.884569994231)])})
2023-05-25 18:47:45,321 INFO validation fold: 3, mae: 52.80325644268855
2023-05-25 18:47:45,321 INFO 

2023-05-25 18:47:45,321 INFO ---Perfoming cross-validation training/evaluating. Evaluating fold 4---

2023-05-25 18:47:45,390 INFO defaultdict(<class 'collections.OrderedDict'>, {'valid_0': OrderedDict([('l1', 52.88921720256689), ('l2', 3198.809984910467)])})
2023-05-25 18:47:45,390 INFO validation fold: 4, mae: 52.88921720256689
2023-05-25 18:47:45,390 INFO 

2023-05-25 18:47:45,390 INFO ---Finished training---
2023-05-25 18:47:45,391 INFO Mean of mae over all folds: 52.828252768544544
2023-05-25 18:47:45,392 INFO 

2023-05-25 18:47:45,392 INFO ---Perfoming cross-validation training/evaluating. Evaluating fold 0---

2023-05-25 18:47:45,425 INFO defaultdict(<class 'collections.OrderedDict'>, {'valid_0': OrderedDict([('l1', 52.64603561504118), ('l2', 3164.22136423326)])})
2023-05-25 18:47:45,425 INFO validation fold: 0, mae: 52.64603561504118
2023-05-25 18:47:45,425 INFO 

2023-05-25 18:47:45,425 INFO ---Perfoming cross-validation training/evaluating. Evaluating fold 1---

2023-05-25 18:47:45,451 INFO defaultdict(<class 'collections.OrderedDict'>, {'valid_0': OrderedDict([('l1', 52.261697258612124), ('l2', 3146.21853107913)])})
2023-05-25 18:47:45,451 INFO validation fold: 1, mae: 52.261697258612124
2023-05-25 18:47:45,451 INFO 

2023-05-25 18:47:45,451 INFO ---Perfoming cross-validation training/evaluating. Evaluating fold 2---

2023-05-25 18:47:45,483 INFO defaultdict(<class 'collections.OrderedDict'>, {'valid_0': OrderedDict([('l1', 53.54105732381394), ('l2', 3274.469058341376)])})
2023-05-25 18:47:45,483 INFO validation fold: 2, mae: 53.54105732381394
2023-05-25 18:47:45,483 INFO 

2023-05-25 18:47:45,484 INFO ---Perfoming cross-validation training/evaluating. Evaluating fold 3---

2023-05-25 18:47:45,532 INFO defaultdict(<class 'collections.OrderedDict'>, {'valid_0': OrderedDict([('l1', 52.80325644268855), ('l2', 3162.884569994231)])})
2023-05-25 18:47:45,532 INFO validation fold: 3, mae: 52.80325644268855
2023-05-25 18:47:45,532 INFO 

2023-05-25 18:47:45,532 INFO ---Perfoming cross-validation training/evaluating. Evaluating fold 4---

2023-05-25 18:47:45,562 INFO defaultdict(<class 'collections.OrderedDict'>, {'valid_0': OrderedDict([('l1', 52.88921720256689), ('l2', 3198.809984910467)])})
2023-05-25 18:47:45,563 INFO validation fold: 4, mae: 52.88921720256689
2023-05-25 18:47:45,563 INFO 

2023-05-25 18:47:45,563 INFO ---Finished training---
2023-05-25 18:47:45,563 INFO Mean of mae over all folds: 52.828252768544544
2023-05-25 18:47:45,565 INFO 

2023-05-25 18:47:45,565 INFO ---Perfoming cross-validation training/evaluating. Evaluating fold 0---

2023-05-25 18:47:45,602 INFO defaultdict(<class 'collections.OrderedDict'>, {'valid_0': OrderedDict([('l1', 52.64603561504118), ('l2', 3164.22136423326)])})
2023-05-25 18:47:45,602 INFO validation fold: 0, mae: 52.64603561504118
2023-05-25 18:47:45,602 INFO 

2023-05-25 18:47:45,602 INFO ---Perfoming cross-validation training/evaluating. Evaluating fold 1---

2023-05-25 18:47:45,643 INFO defaultdict(<class 'collections.OrderedDict'>, {'valid_0': OrderedDict([('l1', 52.261697258612124), ('l2', 3146.21853107913)])})
2023-05-25 18:47:45,643 INFO validation fold: 1, mae: 52.261697258612124
2023-05-25 18:47:45,643 INFO 

2023-05-25 18:47:45,643 INFO ---Perfoming cross-validation training/evaluating. Evaluating fold 2---

2023-05-25 18:47:45,681 INFO defaultdict(<class 'collections.OrderedDict'>, {'valid_0': OrderedDict([('l1', 53.54105732381393), ('l2', 3274.469058341376)])})
2023-05-25 18:47:45,681 INFO validation fold: 2, mae: 53.54105732381393
2023-05-25 18:47:45,681 INFO 

2023-05-25 18:47:45,681 INFO ---Perfoming cross-validation training/evaluating. Evaluating fold 3---

2023-05-25 18:47:45,724 INFO defaultdict(<class 'collections.OrderedDict'>, {'valid_0': OrderedDict([('l1', 52.80325644268855), ('l2', 3162.884569994231)])})
2023-05-25 18:47:45,724 INFO validation fold: 3, mae: 52.80325644268855
2023-05-25 18:47:45,725 INFO 

2023-05-25 18:47:45,725 INFO ---Perfoming cross-validation training/evaluating. Evaluating fold 4---

2023-05-25 18:47:45,762 INFO defaultdict(<class 'collections.OrderedDict'>, {'valid_0': OrderedDict([('l1', 52.88921720256689), ('l2', 3198.8099849104665)])})
2023-05-25 18:47:45,762 INFO validation fold: 4, mae: 52.88921720256689
2023-05-25 18:47:45,763 INFO 

2023-05-25 18:47:45,763 INFO ---Finished training---
2023-05-25 18:47:45,763 INFO Mean of mae over all folds: 52.828252768544544
2023-05-25 18:47:45,781 INFO 

2023-05-25 18:47:45,781 INFO ---Perfoming cross-validation training/evaluating. Evaluating fold 0---

2023-05-25 18:47:45,796 INFO defaultdict(<class 'collections.OrderedDict'>, {'valid_0': OrderedDict([('l1', 52.64603561504118), ('l2', 3164.22136423326)])})
2023-05-25 18:47:45,797 INFO validation fold: 0, mae: 52.64603561504118
2023-05-25 18:47:45,797 INFO 

2023-05-25 18:47:45,797 INFO ---Perfoming cross-validation training/evaluating. Evaluating fold 1---

2023-05-25 18:47:45,810 INFO defaultdict(<class 'collections.OrderedDict'>, {'valid_0': OrderedDict([('l1', 52.261697258612124), ('l2', 3146.21853107913)])})
2023-05-25 18:47:45,810 INFO validation fold: 1, mae: 52.261697258612124
2023-05-25 18:47:45,810 INFO 

2023-05-25 18:47:45,810 INFO ---Perfoming cross-validation training/evaluating. Evaluating fold 2---

2023-05-25 18:47:45,828 INFO defaultdict(<class 'collections.OrderedDict'>, {'valid_0': OrderedDict([('l1', 53.54105732381394), ('l2', 3274.469058341376)])})
2023-05-25 18:47:45,828 INFO validation fold: 2, mae: 53.54105732381394
2023-05-25 18:47:45,828 INFO 

2023-05-25 18:47:45,828 INFO ---Perfoming cross-validation training/evaluating. Evaluating fold 3---

2023-05-25 18:47:45,841 INFO defaultdict(<class 'collections.OrderedDict'>, {'valid_0': OrderedDict([('l1', 52.80325644268855), ('l2', 3162.884569994231)])})
2023-05-25 18:47:45,841 INFO validation fold: 3, mae: 52.80325644268855
2023-05-25 18:47:45,841 INFO 

2023-05-25 18:47:45,841 INFO ---Perfoming cross-validation training/evaluating. Evaluating fold 4---

2023-05-25 18:47:45,856 INFO defaultdict(<class 'collections.OrderedDict'>, {'valid_0': OrderedDict([('l1', 52.88921720256689), ('l2', 3198.8099849104665)])})
2023-05-25 18:47:45,857 INFO validation fold: 4, mae: 52.88921720256689
2023-05-25 18:47:45,857 INFO 

2023-05-25 18:47:45,857 INFO ---Finished training---
2023-05-25 18:47:45,857 INFO Mean of mae over all folds: 52.828252768544544
2023-05-25 18:47:45,876 INFO 

2023-05-25 18:47:45,876 INFO ---Perfoming cross-validation training/evaluating. Evaluating fold 0---

2023-05-25 18:47:45,928 INFO defaultdict(<class 'collections.OrderedDict'>, {'valid_0': OrderedDict([('l1', 52.64603561504118), ('l2', 3164.22136423326)])})
2023-05-25 18:47:45,929 INFO validation fold: 0, mae: 52.64603561504118
2023-05-25 18:47:45,929 INFO 

2023-05-25 18:47:45,929 INFO ---Perfoming cross-validation training/evaluating. Evaluating fold 1---

2023-05-25 18:47:45,972 INFO defaultdict(<class 'collections.OrderedDict'>, {'valid_0': OrderedDict([('l1', 52.261697258612124), ('l2', 3146.21853107913)])})
2023-05-25 18:47:45,972 INFO validation fold: 1, mae: 52.261697258612124
2023-05-25 18:47:45,972 INFO 

2023-05-25 18:47:45,972 INFO ---Perfoming cross-validation training/evaluating. Evaluating fold 2---

2023-05-25 18:47:46,024 INFO defaultdict(<class 'collections.OrderedDict'>, {'valid_0': OrderedDict([('l1', 53.54105732381393), ('l2', 3274.469058341376)])})
2023-05-25 18:47:46,025 INFO validation fold: 2, mae: 53.54105732381393
2023-05-25 18:47:46,025 INFO 

2023-05-25 18:47:46,025 INFO ---Perfoming cross-validation training/evaluating. Evaluating fold 3---

2023-05-25 18:47:46,071 INFO defaultdict(<class 'collections.OrderedDict'>, {'valid_0': OrderedDict([('l1', 52.80325644268855), ('l2', 3162.884569994231)])})
2023-05-25 18:47:46,071 INFO validation fold: 3, mae: 52.80325644268855
2023-05-25 18:47:46,071 INFO 

2023-05-25 18:47:46,071 INFO ---Perfoming cross-validation training/evaluating. Evaluating fold 4---

2023-05-25 18:47:46,126 INFO defaultdict(<class 'collections.OrderedDict'>, {'valid_0': OrderedDict([('l1', 52.88921720256689), ('l2', 3198.8099849104665)])})
2023-05-25 18:47:46,126 INFO validation fold: 4, mae: 52.88921720256689
2023-05-25 18:47:46,126 INFO 

2023-05-25 18:47:46,126 INFO ---Finished training---
2023-05-25 18:47:46,126 INFO Mean of mae over all folds: 52.828252768544544
2023-05-25 18:47:46,145 INFO 

2023-05-25 18:47:46,146 INFO ---Perfoming cross-validation training/evaluating. Evaluating fold 0---

2023-05-25 18:47:46,189 INFO defaultdict(<class 'collections.OrderedDict'>, {'valid_0': OrderedDict([('l1', 52.646035615041185), ('l2', 3164.22136423326)])})
2023-05-25 18:47:46,189 INFO validation fold: 0, mae: 52.646035615041185
2023-05-25 18:47:46,189 INFO 

2023-05-25 18:47:46,189 INFO ---Perfoming cross-validation training/evaluating. Evaluating fold 1---

2023-05-25 18:47:46,235 INFO defaultdict(<class 'collections.OrderedDict'>, {'valid_0': OrderedDict([('l1', 52.261697258612124), ('l2', 3146.21853107913)])})
2023-05-25 18:47:46,235 INFO validation fold: 1, mae: 52.261697258612124
2023-05-25 18:47:46,236 INFO 

2023-05-25 18:47:46,236 INFO ---Perfoming cross-validation training/evaluating. Evaluating fold 2---

2023-05-25 18:47:46,282 INFO defaultdict(<class 'collections.OrderedDict'>, {'valid_0': OrderedDict([('l1', 53.54105732381393), ('l2', 3274.469058341376)])})
2023-05-25 18:47:46,282 INFO validation fold: 2, mae: 53.54105732381393
2023-05-25 18:47:46,282 INFO 

2023-05-25 18:47:46,282 INFO ---Perfoming cross-validation training/evaluating. Evaluating fold 3---

2023-05-25 18:47:46,326 INFO defaultdict(<class 'collections.OrderedDict'>, {'valid_0': OrderedDict([('l1', 52.80325644268855), ('l2', 3162.884569994231)])})
2023-05-25 18:47:46,326 INFO validation fold: 3, mae: 52.80325644268855
2023-05-25 18:47:46,327 INFO 

2023-05-25 18:47:46,327 INFO ---Perfoming cross-validation training/evaluating. Evaluating fold 4---

2023-05-25 18:47:46,382 INFO defaultdict(<class 'collections.OrderedDict'>, {'valid_0': OrderedDict([('l1', 52.88921720256689), ('l2', 3198.809984910467)])})
2023-05-25 18:47:46,382 INFO validation fold: 4, mae: 52.88921720256689
2023-05-25 18:47:46,382 INFO 

2023-05-25 18:47:46,382 INFO ---Finished training---
2023-05-25 18:47:46,382 INFO Mean of mae over all folds: 52.828252768544544
2023-05-25 18:47:46,401 INFO 

2023-05-25 18:47:46,402 INFO ---Perfoming cross-validation training/evaluating. Evaluating fold 0---

2023-05-25 18:47:46,425 INFO defaultdict(<class 'collections.OrderedDict'>, {'valid_0': OrderedDict([('l1', 52.646035615041185), ('l2', 3164.2213642332604)])})
2023-05-25 18:47:46,425 INFO validation fold: 0, mae: 52.646035615041185
2023-05-25 18:47:46,426 INFO 

2023-05-25 18:47:46,426 INFO ---Perfoming cross-validation training/evaluating. Evaluating fold 1---

2023-05-25 18:47:46,447 INFO defaultdict(<class 'collections.OrderedDict'>, {'valid_0': OrderedDict([('l1', 52.261697258612124), ('l2', 3146.21853107913)])})
2023-05-25 18:47:46,447 INFO validation fold: 1, mae: 52.261697258612124
2023-05-25 18:47:46,447 INFO 

2023-05-25 18:47:46,447 INFO ---Perfoming cross-validation training/evaluating. Evaluating fold 2---

2023-05-25 18:47:46,467 INFO defaultdict(<class 'collections.OrderedDict'>, {'valid_0': OrderedDict([('l1', 53.54105732381393), ('l2', 3274.469058341376)])})
2023-05-25 18:47:46,467 INFO validation fold: 2, mae: 53.54105732381393
2023-05-25 18:47:46,467 INFO 

2023-05-25 18:47:46,468 INFO ---Perfoming cross-validation training/evaluating. Evaluating fold 3---

2023-05-25 18:47:46,486 INFO defaultdict(<class 'collections.OrderedDict'>, {'valid_0': OrderedDict([('l1', 52.80325644268855), ('l2', 3162.884569994231)])})
2023-05-25 18:47:46,486 INFO validation fold: 3, mae: 52.80325644268855
2023-05-25 18:47:46,486 INFO 

2023-05-25 18:47:46,486 INFO ---Perfoming cross-validation training/evaluating. Evaluating fold 4---

2023-05-25 18:47:46,506 INFO defaultdict(<class 'collections.OrderedDict'>, {'valid_0': OrderedDict([('l1', 52.88921720256689), ('l2', 3198.809984910467)])})
2023-05-25 18:47:46,507 INFO validation fold: 4, mae: 52.88921720256689
2023-05-25 18:47:46,507 INFO 

2023-05-25 18:47:46,507 INFO ---Finished training---
2023-05-25 18:47:46,507 INFO Mean of mae over all folds: 52.828252768544544
2023-05-25 18:47:46,531 INFO 

2023-05-25 18:47:46,531 INFO ---Perfoming cross-validation training/evaluating. Evaluating fold 0---

2023-05-25 18:47:46,578 INFO defaultdict(<class 'collections.OrderedDict'>, {'valid_0': OrderedDict([('l1', 52.64603561504118), ('l2', 3164.2213642332604)])})
2023-05-25 18:47:46,578 INFO validation fold: 0, mae: 52.64603561504118
2023-05-25 18:47:46,579 INFO 

2023-05-25 18:47:46,579 INFO ---Perfoming cross-validation training/evaluating. Evaluating fold 1---

2023-05-25 18:47:46,706 INFO defaultdict(<class 'collections.OrderedDict'>, {'valid_0': OrderedDict([('l1', 52.261697258612124), ('l2', 3146.21853107913)])})
2023-05-25 18:47:46,707 INFO validation fold: 1, mae: 52.261697258612124
2023-05-25 18:47:46,708 INFO 

2023-05-25 18:47:46,709 INFO ---Perfoming cross-validation training/evaluating. Evaluating fold 2---

2023-05-25 18:47:46,788 INFO defaultdict(<class 'collections.OrderedDict'>, {'valid_0': OrderedDict([('l1', 53.54105732381393), ('l2', 3274.469058341376)])})
2023-05-25 18:47:46,788 INFO validation fold: 2, mae: 53.54105732381393
2023-05-25 18:47:46,788 INFO 

2023-05-25 18:47:46,788 INFO ---Perfoming cross-validation training/evaluating. Evaluating fold 3---

2023-05-25 18:47:46,848 INFO defaultdict(<class 'collections.OrderedDict'>, {'valid_0': OrderedDict([('l1', 52.80325644268855), ('l2', 3162.884569994231)])})
2023-05-25 18:47:46,849 INFO validation fold: 3, mae: 52.80325644268855
2023-05-25 18:47:46,849 INFO 

2023-05-25 18:47:46,849 INFO ---Perfoming cross-validation training/evaluating. Evaluating fold 4---

2023-05-25 18:47:46,888 INFO defaultdict(<class 'collections.OrderedDict'>, {'valid_0': OrderedDict([('l1', 52.88921720256689), ('l2', 3198.8099849104665)])})
2023-05-25 18:47:46,889 INFO validation fold: 4, mae: 52.88921720256689
2023-05-25 18:47:46,889 INFO 

2023-05-25 18:47:46,889 INFO ---Finished training---
2023-05-25 18:47:46,889 INFO Mean of mae over all folds: 52.828252768544544
2023-05-25 18:47:46,908 INFO 

2023-05-25 18:47:46,909 INFO ---Perfoming cross-validation training/evaluating. Evaluating fold 0---

2023-05-25 18:47:46,973 INFO defaultdict(<class 'collections.OrderedDict'>, {'valid_0': OrderedDict([('l1', 52.64603561504118), ('l2', 3164.2213642332604)])})
2023-05-25 18:47:46,973 INFO validation fold: 0, mae: 52.64603561504118
2023-05-25 18:47:46,973 INFO 

2023-05-25 18:47:46,973 INFO ---Perfoming cross-validation training/evaluating. Evaluating fold 1---

2023-05-25 18:47:47,032 INFO defaultdict(<class 'collections.OrderedDict'>, {'valid_0': OrderedDict([('l1', 52.261697258612124), ('l2', 3146.21853107913)])})
2023-05-25 18:47:47,032 INFO validation fold: 1, mae: 52.261697258612124
2023-05-25 18:47:47,032 INFO 

2023-05-25 18:47:47,032 INFO ---Perfoming cross-validation training/evaluating. Evaluating fold 2---

2023-05-25 18:47:47,090 INFO defaultdict(<class 'collections.OrderedDict'>, {'valid_0': OrderedDict([('l1', 53.54105732381393), ('l2', 3274.469058341376)])})
2023-05-25 18:47:47,090 INFO validation fold: 2, mae: 53.54105732381393
2023-05-25 18:47:47,090 INFO 

2023-05-25 18:47:47,091 INFO ---Perfoming cross-validation training/evaluating. Evaluating fold 3---

2023-05-25 18:47:47,143 INFO defaultdict(<class 'collections.OrderedDict'>, {'valid_0': OrderedDict([('l1', 52.80325644268855), ('l2', 3162.884569994231)])})
2023-05-25 18:47:47,143 INFO validation fold: 3, mae: 52.80325644268855
2023-05-25 18:47:47,143 INFO 

2023-05-25 18:47:47,143 INFO ---Perfoming cross-validation training/evaluating. Evaluating fold 4---

2023-05-25 18:47:47,226 INFO defaultdict(<class 'collections.OrderedDict'>, {'valid_0': OrderedDict([('l1', 52.88921720256689), ('l2', 3198.8099849104665)])})
2023-05-25 18:47:47,227 INFO validation fold: 4, mae: 52.88921720256689
2023-05-25 18:47:47,227 INFO 

2023-05-25 18:47:47,227 INFO ---Finished training---
2023-05-25 18:47:47,227 INFO Mean of mae over all folds: 52.828252768544544
2023-05-25 18:47:47,248 INFO 

2023-05-25 18:47:47,248 INFO ---Perfoming cross-validation training/evaluating. Evaluating fold 0---

2023-05-25 18:47:47,293 INFO defaultdict(<class 'collections.OrderedDict'>, {'valid_0': OrderedDict([('l1', 52.64603561504118), ('l2', 3164.2213642332604)])})
2023-05-25 18:47:47,293 INFO validation fold: 0, mae: 52.64603561504118
2023-05-25 18:47:47,293 INFO 

2023-05-25 18:47:47,293 INFO ---Perfoming cross-validation training/evaluating. Evaluating fold 1---

2023-05-25 18:47:47,340 INFO defaultdict(<class 'collections.OrderedDict'>, {'valid_0': OrderedDict([('l1', 52.261697258612124), ('l2', 3146.21853107913)])})
2023-05-25 18:47:47,340 INFO validation fold: 1, mae: 52.261697258612124
2023-05-25 18:47:47,341 INFO 

2023-05-25 18:47:47,341 INFO ---Perfoming cross-validation training/evaluating. Evaluating fold 2---

2023-05-25 18:47:47,391 INFO defaultdict(<class 'collections.OrderedDict'>, {'valid_0': OrderedDict([('l1', 53.54105732381393), ('l2', 3274.469058341376)])})
2023-05-25 18:47:47,391 INFO validation fold: 2, mae: 53.54105732381393
2023-05-25 18:47:47,391 INFO 

2023-05-25 18:47:47,392 INFO ---Perfoming cross-validation training/evaluating. Evaluating fold 3---

2023-05-25 18:47:47,440 INFO defaultdict(<class 'collections.OrderedDict'>, {'valid_0': OrderedDict([('l1', 52.80325644268855), ('l2', 3162.884569994231)])})
2023-05-25 18:47:47,440 INFO validation fold: 3, mae: 52.80325644268855
2023-05-25 18:47:47,441 INFO 

2023-05-25 18:47:47,441 INFO ---Perfoming cross-validation training/evaluating. Evaluating fold 4---

2023-05-25 18:47:47,488 INFO defaultdict(<class 'collections.OrderedDict'>, {'valid_0': OrderedDict([('l1', 52.88921720256689), ('l2', 3198.809984910467)])})
2023-05-25 18:47:47,488 INFO validation fold: 4, mae: 52.88921720256689
2023-05-25 18:47:47,488 INFO 

2023-05-25 18:47:47,488 INFO ---Finished training---
2023-05-25 18:47:47,489 INFO Mean of mae over all folds: 52.828252768544544
2023-05-25 18:47:47,511 INFO 

2023-05-25 18:47:47,511 INFO ---Perfoming cross-validation training/evaluating. Evaluating fold 0---

2023-05-25 18:47:47,553 INFO defaultdict(<class 'collections.OrderedDict'>, {'valid_0': OrderedDict([('l1', 52.64603561504118), ('l2', 3164.22136423326)])})
2023-05-25 18:47:47,554 INFO validation fold: 0, mae: 52.64603561504118
2023-05-25 18:47:47,554 INFO 

2023-05-25 18:47:47,554 INFO ---Perfoming cross-validation training/evaluating. Evaluating fold 1---

2023-05-25 18:47:47,586 INFO defaultdict(<class 'collections.OrderedDict'>, {'valid_0': OrderedDict([('l1', 52.261697258612124), ('l2', 3146.21853107913)])})
2023-05-25 18:47:47,586 INFO validation fold: 1, mae: 52.261697258612124
2023-05-25 18:47:47,586 INFO 

2023-05-25 18:47:47,586 INFO ---Perfoming cross-validation training/evaluating. Evaluating fold 2---

2023-05-25 18:47:47,612 INFO defaultdict(<class 'collections.OrderedDict'>, {'valid_0': OrderedDict([('l1', 53.54105732381394), ('l2', 3274.469058341376)])})
2023-05-25 18:47:47,613 INFO validation fold: 2, mae: 53.54105732381394
2023-05-25 18:47:47,613 INFO 

2023-05-25 18:47:47,613 INFO ---Perfoming cross-validation training/evaluating. Evaluating fold 3---

2023-05-25 18:47:47,640 INFO defaultdict(<class 'collections.OrderedDict'>, {'valid_0': OrderedDict([('l1', 52.80325644268855), ('l2', 3162.884569994231)])})
2023-05-25 18:47:47,640 INFO validation fold: 3, mae: 52.80325644268855
2023-05-25 18:47:47,641 INFO 

2023-05-25 18:47:47,641 INFO ---Perfoming cross-validation training/evaluating. Evaluating fold 4---

2023-05-25 18:47:47,673 INFO defaultdict(<class 'collections.OrderedDict'>, {'valid_0': OrderedDict([('l1', 52.88921720256689), ('l2', 3198.809984910467)])})
2023-05-25 18:47:47,673 INFO validation fold: 4, mae: 52.88921720256689
2023-05-25 18:47:47,673 INFO 

2023-05-25 18:47:47,673 INFO ---Finished training---
2023-05-25 18:47:47,673 INFO Mean of mae over all folds: 52.828252768544544
2023-05-25 18:47:47,698 INFO 

2023-05-25 18:47:47,698 INFO ---Perfoming cross-validation training/evaluating. Evaluating fold 0---

2023-05-25 18:47:47,726 INFO defaultdict(<class 'collections.OrderedDict'>, {'valid_0': OrderedDict([('l1', 52.64603561504118), ('l2', 3164.2213642332604)])})
2023-05-25 18:47:47,726 INFO validation fold: 0, mae: 52.64603561504118
2023-05-25 18:47:47,726 INFO 

2023-05-25 18:47:47,726 INFO ---Perfoming cross-validation training/evaluating. Evaluating fold 1---

2023-05-25 18:47:47,741 INFO defaultdict(<class 'collections.OrderedDict'>, {'valid_0': OrderedDict([('l1', 52.261697258612124), ('l2', 3146.21853107913)])})
2023-05-25 18:47:47,741 INFO validation fold: 1, mae: 52.261697258612124
2023-05-25 18:47:47,741 INFO 

2023-05-25 18:47:47,741 INFO ---Perfoming cross-validation training/evaluating. Evaluating fold 2---

2023-05-25 18:47:47,754 INFO defaultdict(<class 'collections.OrderedDict'>, {'valid_0': OrderedDict([('l1', 53.54105732381393), ('l2', 3274.469058341376)])})
2023-05-25 18:47:47,755 INFO validation fold: 2, mae: 53.54105732381393
2023-05-25 18:47:47,755 INFO 

2023-05-25 18:47:47,755 INFO ---Perfoming cross-validation training/evaluating. Evaluating fold 3---

2023-05-25 18:47:47,769 INFO defaultdict(<class 'collections.OrderedDict'>, {'valid_0': OrderedDict([('l1', 52.80325644268855), ('l2', 3162.884569994231)])})
2023-05-25 18:47:47,773 INFO validation fold: 3, mae: 52.80325644268855
2023-05-25 18:47:47,774 INFO 

2023-05-25 18:47:47,774 INFO ---Perfoming cross-validation training/evaluating. Evaluating fold 4---

2023-05-25 18:47:47,788 INFO defaultdict(<class 'collections.OrderedDict'>, {'valid_0': OrderedDict([('l1', 52.88921720256689), ('l2', 3198.809984910467)])})
2023-05-25 18:47:47,788 INFO validation fold: 4, mae: 52.88921720256689
2023-05-25 18:47:47,788 INFO 

2023-05-25 18:47:47,788 INFO ---Finished training---
2023-05-25 18:47:47,788 INFO Mean of mae over all folds: 52.828252768544544
2023-05-25 18:47:47,810 INFO 

2023-05-25 18:47:47,811 INFO ---Perfoming cross-validation training/evaluating. Evaluating fold 0---

2023-05-25 18:47:47,880 INFO defaultdict(<class 'collections.OrderedDict'>, {'valid_0': OrderedDict([('l1', 52.64603561504118), ('l2', 3164.2213642332604)])})
2023-05-25 18:47:47,881 INFO validation fold: 0, mae: 52.64603561504118
2023-05-25 18:47:47,881 INFO 

2023-05-25 18:47:47,881 INFO ---Perfoming cross-validation training/evaluating. Evaluating fold 1---

2023-05-25 18:47:47,930 INFO defaultdict(<class 'collections.OrderedDict'>, {'valid_0': OrderedDict([('l1', 52.261697258612124), ('l2', 3146.21853107913)])})
2023-05-25 18:47:47,930 INFO validation fold: 1, mae: 52.261697258612124
2023-05-25 18:47:47,930 INFO 

2023-05-25 18:47:47,930 INFO ---Perfoming cross-validation training/evaluating. Evaluating fold 2---

2023-05-25 18:47:47,994 INFO defaultdict(<class 'collections.OrderedDict'>, {'valid_0': OrderedDict([('l1', 53.54105732381394), ('l2', 3274.469058341376)])})
2023-05-25 18:47:47,994 INFO validation fold: 2, mae: 53.54105732381394
2023-05-25 18:47:47,994 INFO 

2023-05-25 18:47:47,994 INFO ---Perfoming cross-validation training/evaluating. Evaluating fold 3---

2023-05-25 18:47:48,055 INFO defaultdict(<class 'collections.OrderedDict'>, {'valid_0': OrderedDict([('l1', 52.80325644268855), ('l2', 3162.884569994231)])})
2023-05-25 18:47:48,056 INFO validation fold: 3, mae: 52.80325644268855
2023-05-25 18:47:48,056 INFO 

2023-05-25 18:47:48,056 INFO ---Perfoming cross-validation training/evaluating. Evaluating fold 4---

2023-05-25 18:47:48,111 INFO defaultdict(<class 'collections.OrderedDict'>, {'valid_0': OrderedDict([('l1', 52.88921720256689), ('l2', 3198.809984910467)])})
2023-05-25 18:47:48,112 INFO validation fold: 4, mae: 52.88921720256689
2023-05-25 18:47:48,112 INFO 

2023-05-25 18:47:48,112 INFO ---Finished training---
2023-05-25 18:47:48,112 INFO Mean of mae over all folds: 52.828252768544544
2023-05-25 18:47:48,133 INFO 

2023-05-25 18:47:48,133 INFO ---Perfoming cross-validation training/evaluating. Evaluating fold 0---

2023-05-25 18:47:48,172 INFO defaultdict(<class 'collections.OrderedDict'>, {'valid_0': OrderedDict([('l1', 52.64603561504118), ('l2', 3164.22136423326)])})
2023-05-25 18:47:48,173 INFO validation fold: 0, mae: 52.64603561504118
2023-05-25 18:47:48,173 INFO 

2023-05-25 18:47:48,173 INFO ---Perfoming cross-validation training/evaluating. Evaluating fold 1---

2023-05-25 18:47:48,226 INFO defaultdict(<class 'collections.OrderedDict'>, {'valid_0': OrderedDict([('l1', 52.261697258612124), ('l2', 3146.21853107913)])})
2023-05-25 18:47:48,226 INFO validation fold: 1, mae: 52.261697258612124
2023-05-25 18:47:48,226 INFO 

2023-05-25 18:47:48,227 INFO ---Perfoming cross-validation training/evaluating. Evaluating fold 2---

2023-05-25 18:47:48,276 INFO defaultdict(<class 'collections.OrderedDict'>, {'valid_0': OrderedDict([('l1', 53.54105732381393), ('l2', 3274.469058341376)])})
2023-05-25 18:47:48,277 INFO validation fold: 2, mae: 53.54105732381393
2023-05-25 18:47:48,277 INFO 

2023-05-25 18:47:48,277 INFO ---Perfoming cross-validation training/evaluating. Evaluating fold 3---

2023-05-25 18:47:48,335 INFO defaultdict(<class 'collections.OrderedDict'>, {'valid_0': OrderedDict([('l1', 52.80325644268855), ('l2', 3162.884569994231)])})
2023-05-25 18:47:48,335 INFO validation fold: 3, mae: 52.80325644268855
2023-05-25 18:47:48,335 INFO 

2023-05-25 18:47:48,335 INFO ---Perfoming cross-validation training/evaluating. Evaluating fold 4---

2023-05-25 18:47:48,373 INFO defaultdict(<class 'collections.OrderedDict'>, {'valid_0': OrderedDict([('l1', 52.88921720256689), ('l2', 3198.809984910467)])})
2023-05-25 18:47:48,373 INFO validation fold: 4, mae: 52.88921720256689
2023-05-25 18:47:48,373 INFO 

2023-05-25 18:47:48,373 INFO ---Finished training---
2023-05-25 18:47:48,374 INFO Mean of mae over all folds: 52.828252768544544
2023-05-25 18:47:48,394 INFO 

2023-05-25 18:47:48,394 INFO ---Perfoming cross-validation training/evaluating. Evaluating fold 0---

2023-05-25 18:47:48,421 INFO defaultdict(<class 'collections.OrderedDict'>, {'valid_0': OrderedDict([('l1', 52.64603561504118), ('l2', 3164.2213642332604)])})
2023-05-25 18:47:48,421 INFO validation fold: 0, mae: 52.64603561504118
2023-05-25 18:47:48,421 INFO 

2023-05-25 18:47:48,421 INFO ---Perfoming cross-validation training/evaluating. Evaluating fold 1---

2023-05-25 18:47:48,451 INFO defaultdict(<class 'collections.OrderedDict'>, {'valid_0': OrderedDict([('l1', 52.261697258612124), ('l2', 3146.21853107913)])})
2023-05-25 18:47:48,452 INFO validation fold: 1, mae: 52.261697258612124
2023-05-25 18:47:48,452 INFO 

2023-05-25 18:47:48,452 INFO ---Perfoming cross-validation training/evaluating. Evaluating fold 2---

2023-05-25 18:47:48,480 INFO defaultdict(<class 'collections.OrderedDict'>, {'valid_0': OrderedDict([('l1', 53.54105732381394), ('l2', 3274.469058341376)])})
2023-05-25 18:47:48,480 INFO validation fold: 2, mae: 53.54105732381394
2023-05-25 18:47:48,480 INFO 

2023-05-25 18:47:48,480 INFO ---Perfoming cross-validation training/evaluating. Evaluating fold 3---

2023-05-25 18:47:48,516 INFO defaultdict(<class 'collections.OrderedDict'>, {'valid_0': OrderedDict([('l1', 52.80325644268855), ('l2', 3162.884569994231)])})
2023-05-25 18:47:48,517 INFO validation fold: 3, mae: 52.80325644268855
2023-05-25 18:47:48,517 INFO 

2023-05-25 18:47:48,517 INFO ---Perfoming cross-validation training/evaluating. Evaluating fold 4---

2023-05-25 18:47:48,577 INFO defaultdict(<class 'collections.OrderedDict'>, {'valid_0': OrderedDict([('l1', 52.88921720256689), ('l2', 3198.8099849104665)])})
2023-05-25 18:47:48,577 INFO validation fold: 4, mae: 52.88921720256689
2023-05-25 18:47:48,577 INFO 

2023-05-25 18:47:48,577 INFO ---Finished training---
2023-05-25 18:47:48,577 INFO Mean of mae over all folds: 52.828252768544544
2023-05-25 18:47:48,609 INFO 

2023-05-25 18:47:48,609 INFO ---Perfoming cross-validation training/evaluating. Evaluating fold 0---

2023-05-25 18:47:48,646 INFO defaultdict(<class 'collections.OrderedDict'>, {'valid_0': OrderedDict([('l1', 52.64603561504118), ('l2', 3164.2213642332604)])})
2023-05-25 18:47:48,647 INFO validation fold: 0, mae: 52.64603561504118
2023-05-25 18:47:48,647 INFO 

2023-05-25 18:47:48,647 INFO ---Perfoming cross-validation training/evaluating. Evaluating fold 1---

2023-05-25 18:47:48,675 INFO defaultdict(<class 'collections.OrderedDict'>, {'valid_0': OrderedDict([('l1', 52.261697258612124), ('l2', 3146.21853107913)])})
2023-05-25 18:47:48,675 INFO validation fold: 1, mae: 52.261697258612124
2023-05-25 18:47:48,675 INFO 

2023-05-25 18:47:48,675 INFO ---Perfoming cross-validation training/evaluating. Evaluating fold 2---

2023-05-25 18:47:48,703 INFO defaultdict(<class 'collections.OrderedDict'>, {'valid_0': OrderedDict([('l1', 53.54105732381394), ('l2', 3274.469058341376)])})
2023-05-25 18:47:48,703 INFO validation fold: 2, mae: 53.54105732381394
2023-05-25 18:47:48,704 INFO 

2023-05-25 18:47:48,704 INFO ---Perfoming cross-validation training/evaluating. Evaluating fold 3---

2023-05-25 18:47:48,735 INFO defaultdict(<class 'collections.OrderedDict'>, {'valid_0': OrderedDict([('l1', 52.80325644268855), ('l2', 3162.884569994231)])})
2023-05-25 18:47:48,735 INFO validation fold: 3, mae: 52.80325644268855
2023-05-25 18:47:48,735 INFO 

2023-05-25 18:47:48,735 INFO ---Perfoming cross-validation training/evaluating. Evaluating fold 4---

2023-05-25 18:47:48,766 INFO defaultdict(<class 'collections.OrderedDict'>, {'valid_0': OrderedDict([('l1', 52.88921720256689), ('l2', 3198.809984910467)])})
2023-05-25 18:47:48,767 INFO validation fold: 4, mae: 52.88921720256689
2023-05-25 18:47:48,767 INFO 

2023-05-25 18:47:48,767 INFO ---Finished training---
2023-05-25 18:47:48,767 INFO Mean of mae over all folds: 52.828252768544544
2023-05-25 18:47:48,789 INFO 

2023-05-25 18:47:48,790 INFO ---Perfoming cross-validation training/evaluating. Evaluating fold 0---

2023-05-25 18:47:48,837 INFO defaultdict(<class 'collections.OrderedDict'>, {'valid_0': OrderedDict([('l1', 52.64603561504118), ('l2', 3164.2213642332604)])})
2023-05-25 18:47:48,837 INFO validation fold: 0, mae: 52.64603561504118
2023-05-25 18:47:48,838 INFO 

2023-05-25 18:47:48,838 INFO ---Perfoming cross-validation training/evaluating. Evaluating fold 1---

2023-05-25 18:47:48,891 INFO defaultdict(<class 'collections.OrderedDict'>, {'valid_0': OrderedDict([('l1', 52.261697258612124), ('l2', 3146.21853107913)])})
2023-05-25 18:47:48,892 INFO validation fold: 1, mae: 52.261697258612124
2023-05-25 18:47:48,892 INFO 

2023-05-25 18:47:48,892 INFO ---Perfoming cross-validation training/evaluating. Evaluating fold 2---

2023-05-25 18:47:48,942 INFO defaultdict(<class 'collections.OrderedDict'>, {'valid_0': OrderedDict([('l1', 53.54105732381394), ('l2', 3274.469058341376)])})
2023-05-25 18:47:48,943 INFO validation fold: 2, mae: 53.54105732381394
2023-05-25 18:47:48,943 INFO 

2023-05-25 18:47:48,943 INFO ---Perfoming cross-validation training/evaluating. Evaluating fold 3---

2023-05-25 18:47:49,035 INFO defaultdict(<class 'collections.OrderedDict'>, {'valid_0': OrderedDict([('l1', 52.80325644268855), ('l2', 3162.884569994231)])})
2023-05-25 18:47:49,036 INFO validation fold: 3, mae: 52.80325644268855
2023-05-25 18:47:49,036 INFO 

2023-05-25 18:47:49,036 INFO ---Perfoming cross-validation training/evaluating. Evaluating fold 4---

2023-05-25 18:47:49,074 INFO defaultdict(<class 'collections.OrderedDict'>, {'valid_0': OrderedDict([('l1', 52.88921720256689), ('l2', 3198.8099849104665)])})
2023-05-25 18:47:49,074 INFO validation fold: 4, mae: 52.88921720256689
2023-05-25 18:47:49,074 INFO 

2023-05-25 18:47:49,074 INFO ---Finished training---
2023-05-25 18:47:49,074 INFO Mean of mae over all folds: 52.828252768544544
2023-05-25 18:47:49,097 INFO 

2023-05-25 18:47:49,097 INFO ---Perfoming cross-validation training/evaluating. Evaluating fold 0---

2023-05-25 18:47:49,118 INFO defaultdict(<class 'collections.OrderedDict'>, {'valid_0': OrderedDict([('l1', 52.64603561504118), ('l2', 3164.2213642332604)])})
2023-05-25 18:47:49,118 INFO validation fold: 0, mae: 52.64603561504118
2023-05-25 18:47:49,119 INFO 

2023-05-25 18:47:49,119 INFO ---Perfoming cross-validation training/evaluating. Evaluating fold 1---

2023-05-25 18:47:49,143 INFO defaultdict(<class 'collections.OrderedDict'>, {'valid_0': OrderedDict([('l1', 52.261697258612124), ('l2', 3146.21853107913)])})
2023-05-25 18:47:49,144 INFO validation fold: 1, mae: 52.261697258612124
2023-05-25 18:47:49,144 INFO 

2023-05-25 18:47:49,144 INFO ---Perfoming cross-validation training/evaluating. Evaluating fold 2---

2023-05-25 18:47:49,161 INFO defaultdict(<class 'collections.OrderedDict'>, {'valid_0': OrderedDict([('l1', 53.54105732381394), ('l2', 3274.469058341376)])})
2023-05-25 18:47:49,161 INFO validation fold: 2, mae: 53.54105732381394
2023-05-25 18:47:49,161 INFO 

2023-05-25 18:47:49,161 INFO ---Perfoming cross-validation training/evaluating. Evaluating fold 3---

2023-05-25 18:47:49,183 INFO defaultdict(<class 'collections.OrderedDict'>, {'valid_0': OrderedDict([('l1', 52.80325644268855), ('l2', 3162.884569994231)])})
2023-05-25 18:47:49,183 INFO validation fold: 3, mae: 52.80325644268855
2023-05-25 18:47:49,183 INFO 

2023-05-25 18:47:49,183 INFO ---Perfoming cross-validation training/evaluating. Evaluating fold 4---

2023-05-25 18:47:49,205 INFO defaultdict(<class 'collections.OrderedDict'>, {'valid_0': OrderedDict([('l1', 52.88921720256689), ('l2', 3198.809984910467)])})
2023-05-25 18:47:49,206 INFO validation fold: 4, mae: 52.88921720256689
2023-05-25 18:47:49,206 INFO 

2023-05-25 18:47:49,206 INFO ---Finished training---
2023-05-25 18:47:49,206 INFO Mean of mae over all folds: 52.828252768544544
2023-05-25 18:47:49,229 INFO 

2023-05-25 18:47:49,229 INFO ---Perfoming cross-validation training/evaluating. Evaluating fold 0---

2023-05-25 18:47:49,263 INFO defaultdict(<class 'collections.OrderedDict'>, {'valid_0': OrderedDict([('l1', 52.64603561504118), ('l2', 3164.2213642332604)])})
2023-05-25 18:47:49,263 INFO validation fold: 0, mae: 52.64603561504118
2023-05-25 18:47:49,263 INFO 

2023-05-25 18:47:49,263 INFO ---Perfoming cross-validation training/evaluating. Evaluating fold 1---

2023-05-25 18:47:49,294 INFO defaultdict(<class 'collections.OrderedDict'>, {'valid_0': OrderedDict([('l1', 52.261697258612124), ('l2', 3146.21853107913)])})
2023-05-25 18:47:49,294 INFO validation fold: 1, mae: 52.261697258612124
2023-05-25 18:47:49,294 INFO 

2023-05-25 18:47:49,294 INFO ---Perfoming cross-validation training/evaluating. Evaluating fold 2---

2023-05-25 18:47:49,334 INFO defaultdict(<class 'collections.OrderedDict'>, {'valid_0': OrderedDict([('l1', 53.54105732381394), ('l2', 3274.469058341376)])})
2023-05-25 18:47:49,334 INFO validation fold: 2, mae: 53.54105732381394
2023-05-25 18:47:49,335 INFO 

2023-05-25 18:47:49,335 INFO ---Perfoming cross-validation training/evaluating. Evaluating fold 3---

2023-05-25 18:47:49,372 INFO defaultdict(<class 'collections.OrderedDict'>, {'valid_0': OrderedDict([('l1', 52.80325644268855), ('l2', 3162.884569994231)])})
2023-05-25 18:47:49,372 INFO validation fold: 3, mae: 52.80325644268855
2023-05-25 18:47:49,372 INFO 

2023-05-25 18:47:49,372 INFO ---Perfoming cross-validation training/evaluating. Evaluating fold 4---

2023-05-25 18:47:49,419 INFO defaultdict(<class 'collections.OrderedDict'>, {'valid_0': OrderedDict([('l1', 52.88921720256689), ('l2', 3198.809984910467)])})
2023-05-25 18:47:49,420 INFO validation fold: 4, mae: 52.88921720256689
2023-05-25 18:47:49,420 INFO 

2023-05-25 18:47:49,420 INFO ---Finished training---
2023-05-25 18:47:49,420 INFO Mean of mae over all folds: 52.828252768544544
2023-05-25 18:47:49,448 INFO 

2023-05-25 18:47:49,448 INFO ---Perfoming cross-validation training/evaluating. Evaluating fold 0---

2023-05-25 18:47:49,497 INFO defaultdict(<class 'collections.OrderedDict'>, {'valid_0': OrderedDict([('l1', 52.64603561504118), ('l2', 3164.2213642332604)])})
2023-05-25 18:47:49,498 INFO validation fold: 0, mae: 52.64603561504118
2023-05-25 18:47:49,498 INFO 

2023-05-25 18:47:49,498 INFO ---Perfoming cross-validation training/evaluating. Evaluating fold 1---

2023-05-25 18:47:49,559 INFO defaultdict(<class 'collections.OrderedDict'>, {'valid_0': OrderedDict([('l1', 52.261697258612124), ('l2', 3146.21853107913)])})
2023-05-25 18:47:49,559 INFO validation fold: 1, mae: 52.261697258612124
2023-05-25 18:47:49,559 INFO 

2023-05-25 18:47:49,559 INFO ---Perfoming cross-validation training/evaluating. Evaluating fold 2---

2023-05-25 18:47:49,598 INFO defaultdict(<class 'collections.OrderedDict'>, {'valid_0': OrderedDict([('l1', 53.54105732381394), ('l2', 3274.469058341376)])})
2023-05-25 18:47:49,598 INFO validation fold: 2, mae: 53.54105732381394
2023-05-25 18:47:49,599 INFO 

2023-05-25 18:47:49,599 INFO ---Perfoming cross-validation training/evaluating. Evaluating fold 3---

2023-05-25 18:47:49,639 INFO defaultdict(<class 'collections.OrderedDict'>, {'valid_0': OrderedDict([('l1', 52.80325644268855), ('l2', 3162.884569994231)])})
2023-05-25 18:47:49,639 INFO validation fold: 3, mae: 52.80325644268855
2023-05-25 18:47:49,640 INFO 

2023-05-25 18:47:49,640 INFO ---Perfoming cross-validation training/evaluating. Evaluating fold 4---

2023-05-25 18:47:49,676 INFO defaultdict(<class 'collections.OrderedDict'>, {'valid_0': OrderedDict([('l1', 52.88921720256689), ('l2', 3198.8099849104665)])})
2023-05-25 18:47:49,676 INFO validation fold: 4, mae: 52.88921720256689
2023-05-25 18:47:49,676 INFO 

2023-05-25 18:47:49,676 INFO ---Finished training---
2023-05-25 18:47:49,677 INFO Mean of mae over all folds: 52.828252768544544
2023-05-25 18:47:49,700 INFO 

2023-05-25 18:47:49,700 INFO ---Perfoming cross-validation training/evaluating. Evaluating fold 0---

2023-05-25 18:47:49,724 INFO defaultdict(<class 'collections.OrderedDict'>, {'valid_0': OrderedDict([('l1', 52.64603561504118), ('l2', 3164.22136423326)])})
2023-05-25 18:47:49,724 INFO validation fold: 0, mae: 52.64603561504118
2023-05-25 18:47:49,724 INFO 

2023-05-25 18:47:49,727 INFO ---Perfoming cross-validation training/evaluating. Evaluating fold 1---

2023-05-25 18:47:49,755 INFO defaultdict(<class 'collections.OrderedDict'>, {'valid_0': OrderedDict([('l1', 52.261697258612124), ('l2', 3146.21853107913)])})
2023-05-25 18:47:49,755 INFO validation fold: 1, mae: 52.261697258612124
2023-05-25 18:47:49,756 INFO 

2023-05-25 18:47:49,756 INFO ---Perfoming cross-validation training/evaluating. Evaluating fold 2---

2023-05-25 18:47:49,797 INFO defaultdict(<class 'collections.OrderedDict'>, {'valid_0': OrderedDict([('l1', 53.54105732381393), ('l2', 3274.469058341376)])})
2023-05-25 18:47:49,797 INFO validation fold: 2, mae: 53.54105732381393
2023-05-25 18:47:49,797 INFO 

2023-05-25 18:47:49,797 INFO ---Perfoming cross-validation training/evaluating. Evaluating fold 3---

2023-05-25 18:47:49,830 INFO defaultdict(<class 'collections.OrderedDict'>, {'valid_0': OrderedDict([('l1', 52.80325644268855), ('l2', 3162.884569994231)])})
2023-05-25 18:47:49,831 INFO validation fold: 3, mae: 52.80325644268855
2023-05-25 18:47:49,831 INFO 

2023-05-25 18:47:49,831 INFO ---Perfoming cross-validation training/evaluating. Evaluating fold 4---

2023-05-25 18:47:49,856 INFO defaultdict(<class 'collections.OrderedDict'>, {'valid_0': OrderedDict([('l1', 52.88921720256689), ('l2', 3198.8099849104665)])})
2023-05-25 18:47:49,856 INFO validation fold: 4, mae: 52.88921720256689
2023-05-25 18:47:49,856 INFO 

2023-05-25 18:47:49,856 INFO ---Finished training---
2023-05-25 18:47:49,856 INFO Mean of mae over all folds: 52.828252768544544
2023-05-25 18:47:49,880 INFO 

2023-05-25 18:47:49,880 INFO ---Perfoming cross-validation training/evaluating. Evaluating fold 0---

2023-05-25 18:47:50,219 INFO defaultdict(<class 'collections.OrderedDict'>, {'valid_0': OrderedDict([('l1', 52.64603561504118), ('l2', 3164.2213642332604)])})
2023-05-25 18:47:50,219 INFO validation fold: 0, mae: 52.64603561504118
2023-05-25 18:47:50,219 INFO 

2023-05-25 18:47:50,219 INFO ---Perfoming cross-validation training/evaluating. Evaluating fold 1---

2023-05-25 18:47:50,282 INFO defaultdict(<class 'collections.OrderedDict'>, {'valid_0': OrderedDict([('l1', 52.261697258612124), ('l2', 3146.21853107913)])})
2023-05-25 18:47:50,282 INFO validation fold: 1, mae: 52.261697258612124
2023-05-25 18:47:50,282 INFO 

2023-05-25 18:47:50,282 INFO ---Perfoming cross-validation training/evaluating. Evaluating fold 2---

2023-05-25 18:47:50,401 INFO defaultdict(<class 'collections.OrderedDict'>, {'valid_0': OrderedDict([('l1', 53.54105732381393), ('l2', 3274.469058341376)])})
2023-05-25 18:47:50,402 INFO validation fold: 2, mae: 53.54105732381393
2023-05-25 18:47:50,402 INFO 

2023-05-25 18:47:50,402 INFO ---Perfoming cross-validation training/evaluating. Evaluating fold 3---

2023-05-25 18:47:50,510 INFO defaultdict(<class 'collections.OrderedDict'>, {'valid_0': OrderedDict([('l1', 52.80325644268855), ('l2', 3162.884569994231)])})
2023-05-25 18:47:50,510 INFO validation fold: 3, mae: 52.80325644268855
2023-05-25 18:47:50,510 INFO 

2023-05-25 18:47:50,510 INFO ---Perfoming cross-validation training/evaluating. Evaluating fold 4---

2023-05-25 18:47:50,591 INFO defaultdict(<class 'collections.OrderedDict'>, {'valid_0': OrderedDict([('l1', 52.88921720256689), ('l2', 3198.8099849104665)])})
2023-05-25 18:47:50,592 INFO validation fold: 4, mae: 52.88921720256689
2023-05-25 18:47:50,592 INFO 

2023-05-25 18:47:50,592 INFO ---Finished training---
2023-05-25 18:47:50,592 INFO Mean of mae over all folds: 52.828252768544544
2023-05-25 18:47:50,619 INFO 

2023-05-25 18:47:50,619 INFO ---Perfoming cross-validation training/evaluating. Evaluating fold 0---

2023-05-25 18:47:50,719 INFO defaultdict(<class 'collections.OrderedDict'>, {'valid_0': OrderedDict([('l1', 11.84673368243789), ('l2', 191.22183327296935)])})
2023-05-25 18:47:50,720 INFO validation fold: 0, mae: 11.84673368243789
2023-05-25 18:47:50,720 INFO 

2023-05-25 18:47:50,720 INFO ---Perfoming cross-validation training/evaluating. Evaluating fold 1---

2023-05-25 18:47:50,819 INFO defaultdict(<class 'collections.OrderedDict'>, {'valid_0': OrderedDict([('l1', 11.677673424162833), ('l2', 217.0255600550092)])})
2023-05-25 18:47:50,819 INFO validation fold: 1, mae: 11.677673424162833
2023-05-25 18:47:50,820 INFO 

2023-05-25 18:47:50,820 INFO ---Perfoming cross-validation training/evaluating. Evaluating fold 2---

2023-05-25 18:47:50,941 INFO defaultdict(<class 'collections.OrderedDict'>, {'valid_0': OrderedDict([('l1', 8.359494726136324), ('l2', 113.185664309734)])})
2023-05-25 18:47:50,941 INFO validation fold: 2, mae: 8.359494726136324
2023-05-25 18:47:50,942 INFO 

2023-05-25 18:47:50,942 INFO ---Perfoming cross-validation training/evaluating. Evaluating fold 3---

2023-05-25 18:47:51,055 INFO defaultdict(<class 'collections.OrderedDict'>, {'valid_0': OrderedDict([('l1', 8.622170451050483), ('l2', 107.45849444854883)])})
2023-05-25 18:47:51,055 INFO validation fold: 3, mae: 8.622170451050483
2023-05-25 18:47:51,056 INFO 

2023-05-25 18:47:51,056 INFO ---Perfoming cross-validation training/evaluating. Evaluating fold 4---

2023-05-25 18:47:51,174 INFO defaultdict(<class 'collections.OrderedDict'>, {'valid_0': OrderedDict([('l1', 9.066568545577592), ('l2', 123.96710418975242)])})
2023-05-25 18:47:51,175 INFO validation fold: 4, mae: 9.066568545577592
2023-05-25 18:47:51,175 INFO 

2023-05-25 18:47:51,175 INFO ---Finished training---
2023-05-25 18:47:51,175 INFO Mean of mae over all folds: 9.914528165873026
2023-05-25 18:47:51,201 INFO 

2023-05-25 18:47:51,201 INFO ---Perfoming cross-validation training/evaluating. Evaluating fold 0---

2023-05-25 18:47:51,273 INFO defaultdict(<class 'collections.OrderedDict'>, {'valid_0': OrderedDict([('l1', 52.64603561504118), ('l2', 3164.2213642332604)])})
2023-05-25 18:47:51,273 INFO validation fold: 0, mae: 52.64603561504118
2023-05-25 18:47:51,273 INFO 

2023-05-25 18:47:51,273 INFO ---Perfoming cross-validation training/evaluating. Evaluating fold 1---

2023-05-25 18:47:51,355 INFO defaultdict(<class 'collections.OrderedDict'>, {'valid_0': OrderedDict([('l1', 52.261697258612124), ('l2', 3146.21853107913)])})
2023-05-25 18:47:51,355 INFO validation fold: 1, mae: 52.261697258612124
2023-05-25 18:47:51,355 INFO 

2023-05-25 18:47:51,355 INFO ---Perfoming cross-validation training/evaluating. Evaluating fold 2---

2023-05-25 18:47:51,413 INFO defaultdict(<class 'collections.OrderedDict'>, {'valid_0': OrderedDict([('l1', 53.54105732381394), ('l2', 3274.469058341376)])})
2023-05-25 18:47:51,414 INFO validation fold: 2, mae: 53.54105732381394
2023-05-25 18:47:51,414 INFO 

2023-05-25 18:47:51,414 INFO ---Perfoming cross-validation training/evaluating. Evaluating fold 3---

2023-05-25 18:47:51,624 INFO defaultdict(<class 'collections.OrderedDict'>, {'valid_0': OrderedDict([('l1', 52.80325644268855), ('l2', 3162.884569994231)])})
2023-05-25 18:47:51,624 INFO validation fold: 3, mae: 52.80325644268855
2023-05-25 18:47:51,624 INFO 

2023-05-25 18:47:51,625 INFO ---Perfoming cross-validation training/evaluating. Evaluating fold 4---

2023-05-25 18:47:51,918 INFO defaultdict(<class 'collections.OrderedDict'>, {'valid_0': OrderedDict([('l1', 52.88921720256689), ('l2', 3198.809984910467)])})
2023-05-25 18:47:51,918 INFO validation fold: 4, mae: 52.88921720256689
2023-05-25 18:47:51,918 INFO 

2023-05-25 18:47:51,918 INFO ---Finished training---
2023-05-25 18:47:51,918 INFO Mean of mae over all folds: 52.828252768544544
2023-05-25 18:47:51,949 INFO 

2023-05-25 18:47:51,950 INFO ---Perfoming cross-validation training/evaluating. Evaluating fold 0---

2023-05-25 18:47:52,260 INFO defaultdict(<class 'collections.OrderedDict'>, {'valid_0': OrderedDict([('l1', 11.14968499166662), ('l2', 176.1559920657191)])})
2023-05-25 18:47:52,260 INFO validation fold: 0, mae: 11.14968499166662
2023-05-25 18:47:52,261 INFO 

2023-05-25 18:47:52,261 INFO ---Perfoming cross-validation training/evaluating. Evaluating fold 1---

2023-05-25 18:47:52,323 INFO defaultdict(<class 'collections.OrderedDict'>, {'valid_0': OrderedDict([('l1', 11.797527031719039), ('l2', 222.05770438815614)])})
2023-05-25 18:47:52,323 INFO validation fold: 1, mae: 11.797527031719039
2023-05-25 18:47:52,324 INFO 

2023-05-25 18:47:52,324 INFO ---Perfoming cross-validation training/evaluating. Evaluating fold 2---

2023-05-25 18:47:52,414 INFO defaultdict(<class 'collections.OrderedDict'>, {'valid_0': OrderedDict([('l1', 9.304279937490417), ('l2', 124.26058151581566)])})
2023-05-25 18:47:52,414 INFO validation fold: 2, mae: 9.304279937490417
2023-05-25 18:47:52,415 INFO 

2023-05-25 18:47:52,415 INFO ---Perfoming cross-validation training/evaluating. Evaluating fold 3---

2023-05-25 18:47:52,488 INFO defaultdict(<class 'collections.OrderedDict'>, {'valid_0': OrderedDict([('l1', 8.75191767514598), ('l2', 107.85261655580207)])})
2023-05-25 18:47:52,488 INFO validation fold: 3, mae: 8.75191767514598
2023-05-25 18:47:52,489 INFO 

2023-05-25 18:47:52,489 INFO ---Perfoming cross-validation training/evaluating. Evaluating fold 4---

2023-05-25 18:47:52,651 INFO defaultdict(<class 'collections.OrderedDict'>, {'valid_0': OrderedDict([('l1', 9.655033190673777), ('l2', 137.89688141239026)])})
2023-05-25 18:47:52,651 INFO validation fold: 4, mae: 9.655033190673777
2023-05-25 18:47:52,651 INFO 

2023-05-25 18:47:52,651 INFO ---Finished training---
2023-05-25 18:47:52,651 INFO Mean of mae over all folds: 10.131688565339168
2023-05-25 18:47:52,678 INFO 

2023-05-25 18:47:52,678 INFO ---Perfoming cross-validation training/evaluating. Evaluating fold 0---

2023-05-25 18:47:52,730 INFO defaultdict(<class 'collections.OrderedDict'>, {'valid_0': OrderedDict([('l1', 52.64603561504118), ('l2', 3164.22136423326)])})
2023-05-25 18:47:52,730 INFO validation fold: 0, mae: 52.64603561504118
2023-05-25 18:47:52,730 INFO 

2023-05-25 18:47:52,731 INFO ---Perfoming cross-validation training/evaluating. Evaluating fold 1---

2023-05-25 18:47:52,769 INFO defaultdict(<class 'collections.OrderedDict'>, {'valid_0': OrderedDict([('l1', 52.261697258612124), ('l2', 3146.21853107913)])})
2023-05-25 18:47:52,770 INFO validation fold: 1, mae: 52.261697258612124
2023-05-25 18:47:52,770 INFO 

2023-05-25 18:47:52,770 INFO ---Perfoming cross-validation training/evaluating. Evaluating fold 2---

2023-05-25 18:47:53,124 INFO defaultdict(<class 'collections.OrderedDict'>, {'valid_0': OrderedDict([('l1', 53.54105732381394), ('l2', 3274.469058341376)])})
2023-05-25 18:47:53,124 INFO validation fold: 2, mae: 53.54105732381394
2023-05-25 18:47:53,124 INFO 

2023-05-25 18:47:53,124 INFO ---Perfoming cross-validation training/evaluating. Evaluating fold 3---

2023-05-25 18:47:53,208 INFO defaultdict(<class 'collections.OrderedDict'>, {'valid_0': OrderedDict([('l1', 52.80325644268855), ('l2', 3162.884569994231)])})
2023-05-25 18:47:53,208 INFO validation fold: 3, mae: 52.80325644268855
2023-05-25 18:47:53,209 INFO 

2023-05-25 18:47:53,209 INFO ---Perfoming cross-validation training/evaluating. Evaluating fold 4---

2023-05-25 18:47:53,333 INFO defaultdict(<class 'collections.OrderedDict'>, {'valid_0': OrderedDict([('l1', 52.88921720256689), ('l2', 3198.8099849104665)])})
2023-05-25 18:47:53,333 INFO validation fold: 4, mae: 52.88921720256689
2023-05-25 18:47:53,333 INFO 

2023-05-25 18:47:53,333 INFO ---Finished training---
2023-05-25 18:47:53,333 INFO Mean of mae over all folds: 52.828252768544544
2023-05-25 18:47:53,370 INFO 

2023-05-25 18:47:53,371 INFO ---Perfoming cross-validation training/evaluating. Evaluating fold 0---

2023-05-25 18:47:53,586 INFO defaultdict(<class 'collections.OrderedDict'>, {'valid_0': OrderedDict([('l1', 52.64603561504118), ('l2', 3164.2213642332604)])})
2023-05-25 18:47:53,586 INFO validation fold: 0, mae: 52.64603561504118
2023-05-25 18:47:53,586 INFO 

2023-05-25 18:47:53,587 INFO ---Perfoming cross-validation training/evaluating. Evaluating fold 1---

2023-05-25 18:47:53,673 INFO defaultdict(<class 'collections.OrderedDict'>, {'valid_0': OrderedDict([('l1', 52.261697258612124), ('l2', 3146.21853107913)])})
2023-05-25 18:47:53,673 INFO validation fold: 1, mae: 52.261697258612124
2023-05-25 18:47:53,673 INFO 

2023-05-25 18:47:53,674 INFO ---Perfoming cross-validation training/evaluating. Evaluating fold 2---

2023-05-25 18:47:53,780 INFO defaultdict(<class 'collections.OrderedDict'>, {'valid_0': OrderedDict([('l1', 53.54105732381393), ('l2', 3274.469058341376)])})
2023-05-25 18:47:53,780 INFO validation fold: 2, mae: 53.54105732381393
2023-05-25 18:47:53,780 INFO 

2023-05-25 18:47:53,780 INFO ---Perfoming cross-validation training/evaluating. Evaluating fold 3---

2023-05-25 18:47:53,870 INFO defaultdict(<class 'collections.OrderedDict'>, {'valid_0': OrderedDict([('l1', 52.80325644268855), ('l2', 3162.884569994231)])})
2023-05-25 18:47:53,870 INFO validation fold: 3, mae: 52.80325644268855
2023-05-25 18:47:53,870 INFO 

2023-05-25 18:47:53,870 INFO ---Perfoming cross-validation training/evaluating. Evaluating fold 4---

2023-05-25 18:47:53,989 INFO defaultdict(<class 'collections.OrderedDict'>, {'valid_0': OrderedDict([('l1', 52.88921720256689), ('l2', 3198.809984910467)])})
2023-05-25 18:47:53,990 INFO validation fold: 4, mae: 52.88921720256689
2023-05-25 18:47:53,990 INFO 

2023-05-25 18:47:53,990 INFO ---Finished training---
2023-05-25 18:47:53,990 INFO Mean of mae over all folds: 52.828252768544544
2023-05-25 18:47:54,022 INFO 

2023-05-25 18:47:54,023 INFO ---Perfoming cross-validation training/evaluating. Evaluating fold 0---

2023-05-25 18:47:54,087 INFO defaultdict(<class 'collections.OrderedDict'>, {'valid_0': OrderedDict([('l1', 52.64603561504118), ('l2', 3164.22136423326)])})
2023-05-25 18:47:54,087 INFO validation fold: 0, mae: 52.64603561504118
2023-05-25 18:47:54,087 INFO 

2023-05-25 18:47:54,087 INFO ---Perfoming cross-validation training/evaluating. Evaluating fold 1---

2023-05-25 18:47:54,157 INFO defaultdict(<class 'collections.OrderedDict'>, {'valid_0': OrderedDict([('l1', 52.261697258612124), ('l2', 3146.21853107913)])})
2023-05-25 18:47:54,157 INFO validation fold: 1, mae: 52.261697258612124
2023-05-25 18:47:54,159 INFO 

2023-05-25 18:47:54,160 INFO ---Perfoming cross-validation training/evaluating. Evaluating fold 2---

2023-05-25 18:47:54,233 INFO defaultdict(<class 'collections.OrderedDict'>, {'valid_0': OrderedDict([('l1', 53.54105732381394), ('l2', 3274.469058341376)])})
2023-05-25 18:47:54,233 INFO validation fold: 2, mae: 53.54105732381394
2023-05-25 18:47:54,233 INFO 

2023-05-25 18:47:54,233 INFO ---Perfoming cross-validation training/evaluating. Evaluating fold 3---

2023-05-25 18:47:54,299 INFO defaultdict(<class 'collections.OrderedDict'>, {'valid_0': OrderedDict([('l1', 52.80325644268855), ('l2', 3162.884569994231)])})
2023-05-25 18:47:54,299 INFO validation fold: 3, mae: 52.80325644268855
2023-05-25 18:47:54,299 INFO 

2023-05-25 18:47:54,300 INFO ---Perfoming cross-validation training/evaluating. Evaluating fold 4---

2023-05-25 18:47:54,353 INFO defaultdict(<class 'collections.OrderedDict'>, {'valid_0': OrderedDict([('l1', 52.88921720256689), ('l2', 3198.8099849104665)])})
2023-05-25 18:47:54,353 INFO validation fold: 4, mae: 52.88921720256689
2023-05-25 18:47:54,353 INFO 

2023-05-25 18:47:54,353 INFO ---Finished training---
2023-05-25 18:47:54,353 INFO Mean of mae over all folds: 52.828252768544544
2023-05-25 18:47:54,380 INFO 

2023-05-25 18:47:54,380 INFO ---Perfoming cross-validation training/evaluating. Evaluating fold 0---

2023-05-25 18:47:54,413 INFO defaultdict(<class 'collections.OrderedDict'>, {'valid_0': OrderedDict([('l1', 52.64603561504118), ('l2', 3164.22136423326)])})
2023-05-25 18:47:54,414 INFO validation fold: 0, mae: 52.64603561504118
2023-05-25 18:47:54,414 INFO 

2023-05-25 18:47:54,414 INFO ---Perfoming cross-validation training/evaluating. Evaluating fold 1---

2023-05-25 18:47:54,456 INFO defaultdict(<class 'collections.OrderedDict'>, {'valid_0': OrderedDict([('l1', 52.261697258612124), ('l2', 3146.21853107913)])})
2023-05-25 18:47:54,457 INFO validation fold: 1, mae: 52.261697258612124
2023-05-25 18:47:54,458 INFO 

2023-05-25 18:47:54,458 INFO ---Perfoming cross-validation training/evaluating. Evaluating fold 2---

2023-05-25 18:47:54,494 INFO defaultdict(<class 'collections.OrderedDict'>, {'valid_0': OrderedDict([('l1', 53.54105732381394), ('l2', 3274.469058341376)])})
2023-05-25 18:47:54,495 INFO validation fold: 2, mae: 53.54105732381394
2023-05-25 18:47:54,495 INFO 

2023-05-25 18:47:54,495 INFO ---Perfoming cross-validation training/evaluating. Evaluating fold 3---

2023-05-25 18:47:54,535 INFO defaultdict(<class 'collections.OrderedDict'>, {'valid_0': OrderedDict([('l1', 52.80325644268855), ('l2', 3162.884569994231)])})
2023-05-25 18:47:54,536 INFO validation fold: 3, mae: 52.80325644268855
2023-05-25 18:47:54,536 INFO 

2023-05-25 18:47:54,536 INFO ---Perfoming cross-validation training/evaluating. Evaluating fold 4---

2023-05-25 18:47:54,606 INFO defaultdict(<class 'collections.OrderedDict'>, {'valid_0': OrderedDict([('l1', 52.88921720256689), ('l2', 3198.809984910467)])})
2023-05-25 18:47:54,607 INFO validation fold: 4, mae: 52.88921720256689
2023-05-25 18:47:54,607 INFO 

2023-05-25 18:47:54,607 INFO ---Finished training---
2023-05-25 18:47:54,607 INFO Mean of mae over all folds: 52.828252768544544
2023-05-25 18:47:54,640 INFO 

2023-05-25 18:47:54,641 INFO ---Perfoming cross-validation training/evaluating. Evaluating fold 0---

2023-05-25 18:47:54,704 INFO defaultdict(<class 'collections.OrderedDict'>, {'valid_0': OrderedDict([('l1', 52.64603561504118), ('l2', 3164.2213642332604)])})
2023-05-25 18:47:54,706 INFO validation fold: 0, mae: 52.64603561504118
2023-05-25 18:47:54,707 INFO 

2023-05-25 18:47:54,707 INFO ---Perfoming cross-validation training/evaluating. Evaluating fold 1---

2023-05-25 18:47:54,773 INFO defaultdict(<class 'collections.OrderedDict'>, {'valid_0': OrderedDict([('l1', 52.261697258612124), ('l2', 3146.21853107913)])})
2023-05-25 18:47:54,774 INFO validation fold: 1, mae: 52.261697258612124
2023-05-25 18:47:54,774 INFO 

2023-05-25 18:47:54,774 INFO ---Perfoming cross-validation training/evaluating. Evaluating fold 2---

2023-05-25 18:47:54,834 INFO defaultdict(<class 'collections.OrderedDict'>, {'valid_0': OrderedDict([('l1', 53.54105732381394), ('l2', 3274.469058341376)])})
2023-05-25 18:47:54,834 INFO validation fold: 2, mae: 53.54105732381394
2023-05-25 18:47:54,835 INFO 

2023-05-25 18:47:54,835 INFO ---Perfoming cross-validation training/evaluating. Evaluating fold 3---

2023-05-25 18:47:54,903 INFO defaultdict(<class 'collections.OrderedDict'>, {'valid_0': OrderedDict([('l1', 52.80325644268855), ('l2', 3162.884569994231)])})
2023-05-25 18:47:54,903 INFO validation fold: 3, mae: 52.80325644268855
2023-05-25 18:47:54,903 INFO 

2023-05-25 18:47:54,903 INFO ---Perfoming cross-validation training/evaluating. Evaluating fold 4---

2023-05-25 18:47:55,115 INFO defaultdict(<class 'collections.OrderedDict'>, {'valid_0': OrderedDict([('l1', 52.88921720256689), ('l2', 3198.809984910467)])})
2023-05-25 18:47:55,115 INFO validation fold: 4, mae: 52.88921720256689
2023-05-25 18:47:55,115 INFO 

2023-05-25 18:47:55,115 INFO ---Finished training---
2023-05-25 18:47:55,115 INFO Mean of mae over all folds: 52.828252768544544
2023-05-25 18:47:55,148 INFO 

2023-05-25 18:47:55,148 INFO ---Perfoming cross-validation training/evaluating. Evaluating fold 0---

2023-05-25 18:47:55,231 INFO defaultdict(<class 'collections.OrderedDict'>, {'valid_0': OrderedDict([('l1', 52.64603561504118), ('l2', 3164.22136423326)])})
2023-05-25 18:47:55,232 INFO validation fold: 0, mae: 52.64603561504118
2023-05-25 18:47:55,232 INFO 

2023-05-25 18:47:55,232 INFO ---Perfoming cross-validation training/evaluating. Evaluating fold 1---

2023-05-25 18:47:55,330 INFO defaultdict(<class 'collections.OrderedDict'>, {'valid_0': OrderedDict([('l1', 52.261697258612124), ('l2', 3146.21853107913)])})
2023-05-25 18:47:55,331 INFO validation fold: 1, mae: 52.261697258612124
2023-05-25 18:47:55,331 INFO 

2023-05-25 18:47:55,331 INFO ---Perfoming cross-validation training/evaluating. Evaluating fold 2---

2023-05-25 18:47:55,780 INFO defaultdict(<class 'collections.OrderedDict'>, {'valid_0': OrderedDict([('l1', 53.54105732381394), ('l2', 3274.469058341376)])})
2023-05-25 18:47:55,780 INFO validation fold: 2, mae: 53.54105732381394
2023-05-25 18:47:55,781 INFO 

2023-05-25 18:47:55,781 INFO ---Perfoming cross-validation training/evaluating. Evaluating fold 3---

2023-05-25 18:47:56,622 INFO defaultdict(<class 'collections.OrderedDict'>, {'valid_0': OrderedDict([('l1', 52.80325644268855), ('l2', 3162.884569994231)])})
2023-05-25 18:47:56,622 INFO validation fold: 3, mae: 52.80325644268855
2023-05-25 18:47:56,622 INFO 

2023-05-25 18:47:56,622 INFO ---Perfoming cross-validation training/evaluating. Evaluating fold 4---

2023-05-25 18:47:56,935 INFO defaultdict(<class 'collections.OrderedDict'>, {'valid_0': OrderedDict([('l1', 52.88921720256689), ('l2', 3198.8099849104665)])})
2023-05-25 18:47:56,935 INFO validation fold: 4, mae: 52.88921720256689
2023-05-25 18:47:56,935 INFO 

2023-05-25 18:47:56,935 INFO ---Finished training---
2023-05-25 18:47:56,935 INFO Mean of mae over all folds: 52.828252768544544
2023-05-25 18:47:56,966 INFO 

2023-05-25 18:47:56,966 INFO ---Perfoming cross-validation training/evaluating. Evaluating fold 0---

2023-05-25 18:47:57,496 INFO defaultdict(<class 'collections.OrderedDict'>, {'valid_0': OrderedDict([('l1', 52.64603561504118), ('l2', 3164.2213642332604)])})
2023-05-25 18:47:57,497 INFO validation fold: 0, mae: 52.64603561504118
2023-05-25 18:47:57,497 INFO 

2023-05-25 18:47:57,497 INFO ---Perfoming cross-validation training/evaluating. Evaluating fold 1---

2023-05-25 18:47:57,953 INFO defaultdict(<class 'collections.OrderedDict'>, {'valid_0': OrderedDict([('l1', 52.261697258612124), ('l2', 3146.21853107913)])})
2023-05-25 18:47:57,953 INFO validation fold: 1, mae: 52.261697258612124
2023-05-25 18:47:57,953 INFO 

2023-05-25 18:47:57,953 INFO ---Perfoming cross-validation training/evaluating. Evaluating fold 2---

2023-05-25 18:47:58,019 INFO defaultdict(<class 'collections.OrderedDict'>, {'valid_0': OrderedDict([('l1', 53.54105732381394), ('l2', 3274.469058341376)])})
2023-05-25 18:47:58,019 INFO validation fold: 2, mae: 53.54105732381394
2023-05-25 18:47:58,019 INFO 

2023-05-25 18:47:58,019 INFO ---Perfoming cross-validation training/evaluating. Evaluating fold 3---

2023-05-25 18:47:58,130 INFO defaultdict(<class 'collections.OrderedDict'>, {'valid_0': OrderedDict([('l1', 52.80325644268855), ('l2', 3162.884569994231)])})
2023-05-25 18:47:58,131 INFO validation fold: 3, mae: 52.80325644268855
2023-05-25 18:47:58,131 INFO 

2023-05-25 18:47:58,131 INFO ---Perfoming cross-validation training/evaluating. Evaluating fold 4---

2023-05-25 18:47:58,190 INFO defaultdict(<class 'collections.OrderedDict'>, {'valid_0': OrderedDict([('l1', 52.88921720256689), ('l2', 3198.8099849104665)])})
2023-05-25 18:47:58,190 INFO validation fold: 4, mae: 52.88921720256689
2023-05-25 18:47:58,190 INFO 

2023-05-25 18:47:58,190 INFO ---Finished training---
2023-05-25 18:47:58,190 INFO Mean of mae over all folds: 52.828252768544544
2023-05-25 18:47:58,219 INFO 

2023-05-25 18:47:58,219 INFO ---Perfoming cross-validation training/evaluating. Evaluating fold 0---

2023-05-25 18:47:58,277 INFO defaultdict(<class 'collections.OrderedDict'>, {'valid_0': OrderedDict([('l1', 52.64603561504118), ('l2', 3164.2213642332604)])})
2023-05-25 18:47:58,278 INFO validation fold: 0, mae: 52.64603561504118
2023-05-25 18:47:58,278 INFO 

2023-05-25 18:47:58,278 INFO ---Perfoming cross-validation training/evaluating. Evaluating fold 1---

2023-05-25 18:47:58,385 INFO defaultdict(<class 'collections.OrderedDict'>, {'valid_0': OrderedDict([('l1', 52.261697258612124), ('l2', 3146.21853107913)])})
2023-05-25 18:47:58,385 INFO validation fold: 1, mae: 52.261697258612124
2023-05-25 18:47:58,385 INFO 

2023-05-25 18:47:58,386 INFO ---Perfoming cross-validation training/evaluating. Evaluating fold 2---

2023-05-25 18:47:58,453 INFO defaultdict(<class 'collections.OrderedDict'>, {'valid_0': OrderedDict([('l1', 53.54105732381394), ('l2', 3274.469058341376)])})
2023-05-25 18:47:58,453 INFO validation fold: 2, mae: 53.54105732381394
2023-05-25 18:47:58,453 INFO 

2023-05-25 18:47:58,453 INFO ---Perfoming cross-validation training/evaluating. Evaluating fold 3---

2023-05-25 18:47:58,501 INFO defaultdict(<class 'collections.OrderedDict'>, {'valid_0': OrderedDict([('l1', 52.80325644268855), ('l2', 3162.884569994231)])})
2023-05-25 18:47:58,502 INFO validation fold: 3, mae: 52.80325644268855
2023-05-25 18:47:58,502 INFO 

2023-05-25 18:47:58,502 INFO ---Perfoming cross-validation training/evaluating. Evaluating fold 4---

2023-05-25 18:47:58,562 INFO defaultdict(<class 'collections.OrderedDict'>, {'valid_0': OrderedDict([('l1', 52.88921720256689), ('l2', 3198.8099849104665)])})
2023-05-25 18:47:58,562 INFO validation fold: 4, mae: 52.88921720256689
2023-05-25 18:47:58,562 INFO 

2023-05-25 18:47:58,562 INFO ---Finished training---
2023-05-25 18:47:58,563 INFO Mean of mae over all folds: 52.828252768544544
2023-05-25 18:47:58,593 INFO 

2023-05-25 18:47:58,593 INFO ---Perfoming cross-validation training/evaluating. Evaluating fold 0---

2023-05-25 18:47:58,694 INFO defaultdict(<class 'collections.OrderedDict'>, {'valid_0': OrderedDict([('l1', 52.64603561504118), ('l2', 3164.2213642332604)])})
2023-05-25 18:47:58,694 INFO validation fold: 0, mae: 52.64603561504118
2023-05-25 18:47:58,695 INFO 

2023-05-25 18:47:58,695 INFO ---Perfoming cross-validation training/evaluating. Evaluating fold 1---

2023-05-25 18:47:58,792 INFO defaultdict(<class 'collections.OrderedDict'>, {'valid_0': OrderedDict([('l1', 52.261697258612124), ('l2', 3146.21853107913)])})
2023-05-25 18:47:58,792 INFO validation fold: 1, mae: 52.261697258612124
2023-05-25 18:47:58,792 INFO 

2023-05-25 18:47:58,793 INFO ---Perfoming cross-validation training/evaluating. Evaluating fold 2---

2023-05-25 18:47:58,867 INFO defaultdict(<class 'collections.OrderedDict'>, {'valid_0': OrderedDict([('l1', 53.54105732381394), ('l2', 3274.469058341376)])})
2023-05-25 18:47:58,867 INFO validation fold: 2, mae: 53.54105732381394
2023-05-25 18:47:58,867 INFO 

2023-05-25 18:47:58,867 INFO ---Perfoming cross-validation training/evaluating. Evaluating fold 3---

2023-05-25 18:47:58,933 INFO defaultdict(<class 'collections.OrderedDict'>, {'valid_0': OrderedDict([('l1', 52.80325644268855), ('l2', 3162.884569994231)])})
2023-05-25 18:47:58,933 INFO validation fold: 3, mae: 52.80325644268855
2023-05-25 18:47:58,934 INFO 

2023-05-25 18:47:58,934 INFO ---Perfoming cross-validation training/evaluating. Evaluating fold 4---

2023-05-25 18:47:59,002 INFO defaultdict(<class 'collections.OrderedDict'>, {'valid_0': OrderedDict([('l1', 52.88921720256689), ('l2', 3198.8099849104665)])})
2023-05-25 18:47:59,002 INFO validation fold: 4, mae: 52.88921720256689
2023-05-25 18:47:59,005 INFO 

2023-05-25 18:47:59,005 INFO ---Finished training---
2023-05-25 18:47:59,005 INFO Mean of mae over all folds: 52.828252768544544
2023-05-25 18:47:59,034 INFO 

2023-05-25 18:47:59,034 INFO ---Perfoming cross-validation training/evaluating. Evaluating fold 0---

2023-05-25 18:47:59,111 INFO defaultdict(<class 'collections.OrderedDict'>, {'valid_0': OrderedDict([('l1', 52.64603561504118), ('l2', 3164.22136423326)])})
2023-05-25 18:47:59,111 INFO validation fold: 0, mae: 52.64603561504118
2023-05-25 18:47:59,111 INFO 

2023-05-25 18:47:59,112 INFO ---Perfoming cross-validation training/evaluating. Evaluating fold 1---

2023-05-25 18:47:59,159 INFO defaultdict(<class 'collections.OrderedDict'>, {'valid_0': OrderedDict([('l1', 52.261697258612124), ('l2', 3146.21853107913)])})
2023-05-25 18:47:59,160 INFO validation fold: 1, mae: 52.261697258612124
2023-05-25 18:47:59,160 INFO 

2023-05-25 18:47:59,160 INFO ---Perfoming cross-validation training/evaluating. Evaluating fold 2---

2023-05-25 18:47:59,210 INFO defaultdict(<class 'collections.OrderedDict'>, {'valid_0': OrderedDict([('l1', 53.54105732381394), ('l2', 3274.469058341376)])})
2023-05-25 18:47:59,211 INFO validation fold: 2, mae: 53.54105732381394
2023-05-25 18:47:59,211 INFO 

2023-05-25 18:47:59,211 INFO ---Perfoming cross-validation training/evaluating. Evaluating fold 3---

2023-05-25 18:47:59,243 INFO defaultdict(<class 'collections.OrderedDict'>, {'valid_0': OrderedDict([('l1', 52.80325644268855), ('l2', 3162.884569994231)])})
2023-05-25 18:47:59,243 INFO validation fold: 3, mae: 52.80325644268855
2023-05-25 18:47:59,243 INFO 

2023-05-25 18:47:59,243 INFO ---Perfoming cross-validation training/evaluating. Evaluating fold 4---

2023-05-25 18:47:59,282 INFO defaultdict(<class 'collections.OrderedDict'>, {'valid_0': OrderedDict([('l1', 52.88921720256689), ('l2', 3198.809984910467)])})
2023-05-25 18:47:59,282 INFO validation fold: 4, mae: 52.88921720256689
2023-05-25 18:47:59,282 INFO 

2023-05-25 18:47:59,282 INFO ---Finished training---
2023-05-25 18:47:59,282 INFO Mean of mae over all folds: 52.828252768544544
2023-05-25 18:47:59,310 INFO 

2023-05-25 18:47:59,311 INFO ---Perfoming cross-validation training/evaluating. Evaluating fold 0---

2023-05-25 18:47:59,366 INFO defaultdict(<class 'collections.OrderedDict'>, {'valid_0': OrderedDict([('l1', 52.64603561504118), ('l2', 3164.2213642332604)])})
2023-05-25 18:47:59,366 INFO validation fold: 0, mae: 52.64603561504118
2023-05-25 18:47:59,366 INFO 

2023-05-25 18:47:59,367 INFO ---Perfoming cross-validation training/evaluating. Evaluating fold 1---

2023-05-25 18:47:59,407 INFO defaultdict(<class 'collections.OrderedDict'>, {'valid_0': OrderedDict([('l1', 52.261697258612124), ('l2', 3146.21853107913)])})
2023-05-25 18:47:59,407 INFO validation fold: 1, mae: 52.261697258612124
2023-05-25 18:47:59,408 INFO 

2023-05-25 18:47:59,408 INFO ---Perfoming cross-validation training/evaluating. Evaluating fold 2---

2023-05-25 18:47:59,448 INFO defaultdict(<class 'collections.OrderedDict'>, {'valid_0': OrderedDict([('l1', 53.54105732381394), ('l2', 3274.469058341376)])})
2023-05-25 18:47:59,448 INFO validation fold: 2, mae: 53.54105732381394
2023-05-25 18:47:59,448 INFO 

2023-05-25 18:47:59,448 INFO ---Perfoming cross-validation training/evaluating. Evaluating fold 3---

2023-05-25 18:47:59,498 INFO defaultdict(<class 'collections.OrderedDict'>, {'valid_0': OrderedDict([('l1', 52.80325644268855), ('l2', 3162.884569994231)])})
2023-05-25 18:47:59,498 INFO validation fold: 3, mae: 52.80325644268855
2023-05-25 18:47:59,498 INFO 

2023-05-25 18:47:59,499 INFO ---Perfoming cross-validation training/evaluating. Evaluating fold 4---

2023-05-25 18:47:59,565 INFO defaultdict(<class 'collections.OrderedDict'>, {'valid_0': OrderedDict([('l1', 52.88921720256689), ('l2', 3198.8099849104665)])})
2023-05-25 18:47:59,565 INFO validation fold: 4, mae: 52.88921720256689
2023-05-25 18:47:59,565 INFO 

2023-05-25 18:47:59,565 INFO ---Finished training---
2023-05-25 18:47:59,565 INFO Mean of mae over all folds: 52.828252768544544
2023-05-25 18:47:59,596 INFO 

2023-05-25 18:47:59,596 INFO ---Perfoming cross-validation training/evaluating. Evaluating fold 0---

2023-05-25 18:47:59,654 INFO defaultdict(<class 'collections.OrderedDict'>, {'valid_0': OrderedDict([('l1', 52.64603561504118), ('l2', 3164.2213642332604)])})
2023-05-25 18:47:59,654 INFO validation fold: 0, mae: 52.64603561504118
2023-05-25 18:47:59,654 INFO 

2023-05-25 18:47:59,655 INFO ---Perfoming cross-validation training/evaluating. Evaluating fold 1---

2023-05-25 18:47:59,706 INFO defaultdict(<class 'collections.OrderedDict'>, {'valid_0': OrderedDict([('l1', 52.261697258612124), ('l2', 3146.21853107913)])})
2023-05-25 18:47:59,707 INFO validation fold: 1, mae: 52.261697258612124
2023-05-25 18:47:59,707 INFO 

2023-05-25 18:47:59,707 INFO ---Perfoming cross-validation training/evaluating. Evaluating fold 2---

2023-05-25 18:47:59,765 INFO defaultdict(<class 'collections.OrderedDict'>, {'valid_0': OrderedDict([('l1', 53.54105732381394), ('l2', 3274.469058341376)])})
2023-05-25 18:47:59,765 INFO validation fold: 2, mae: 53.54105732381394
2023-05-25 18:47:59,766 INFO 

2023-05-25 18:47:59,766 INFO ---Perfoming cross-validation training/evaluating. Evaluating fold 3---

2023-05-25 18:47:59,814 INFO defaultdict(<class 'collections.OrderedDict'>, {'valid_0': OrderedDict([('l1', 52.80325644268855), ('l2', 3162.884569994231)])})
2023-05-25 18:47:59,814 INFO validation fold: 3, mae: 52.80325644268855
2023-05-25 18:47:59,815 INFO 

2023-05-25 18:47:59,815 INFO ---Perfoming cross-validation training/evaluating. Evaluating fold 4---

2023-05-25 18:47:59,859 INFO defaultdict(<class 'collections.OrderedDict'>, {'valid_0': OrderedDict([('l1', 52.88921720256689), ('l2', 3198.8099849104665)])})
2023-05-25 18:47:59,860 INFO validation fold: 4, mae: 52.88921720256689
2023-05-25 18:47:59,860 INFO 

2023-05-25 18:47:59,860 INFO ---Finished training---
2023-05-25 18:47:59,860 INFO Mean of mae over all folds: 52.828252768544544
2023-05-25 18:47:59,890 INFO 

2023-05-25 18:47:59,890 INFO ---Perfoming cross-validation training/evaluating. Evaluating fold 0---

2023-05-25 18:47:59,912 INFO defaultdict(<class 'collections.OrderedDict'>, {'valid_0': OrderedDict([('l1', 52.64603561504118), ('l2', 3164.22136423326)])})
2023-05-25 18:47:59,912 INFO validation fold: 0, mae: 52.64603561504118
2023-05-25 18:47:59,912 INFO 

2023-05-25 18:47:59,913 INFO ---Perfoming cross-validation training/evaluating. Evaluating fold 1---

2023-05-25 18:48:00,042 INFO defaultdict(<class 'collections.OrderedDict'>, {'valid_0': OrderedDict([('l1', 52.261697258612124), ('l2', 3146.21853107913)])})
2023-05-25 18:48:00,042 INFO validation fold: 1, mae: 52.261697258612124
2023-05-25 18:48:00,042 INFO 

2023-05-25 18:48:00,042 INFO ---Perfoming cross-validation training/evaluating. Evaluating fold 2---

2023-05-25 18:48:00,099 INFO defaultdict(<class 'collections.OrderedDict'>, {'valid_0': OrderedDict([('l1', 53.54105732381394), ('l2', 3274.469058341376)])})
2023-05-25 18:48:00,100 INFO validation fold: 2, mae: 53.54105732381394
2023-05-25 18:48:00,100 INFO 

2023-05-25 18:48:00,100 INFO ---Perfoming cross-validation training/evaluating. Evaluating fold 3---

2023-05-25 18:48:00,131 INFO defaultdict(<class 'collections.OrderedDict'>, {'valid_0': OrderedDict([('l1', 52.80325644268855), ('l2', 3162.884569994231)])})
2023-05-25 18:48:00,131 INFO validation fold: 3, mae: 52.80325644268855
2023-05-25 18:48:00,131 INFO 

2023-05-25 18:48:00,131 INFO ---Perfoming cross-validation training/evaluating. Evaluating fold 4---

2023-05-25 18:48:00,154 INFO defaultdict(<class 'collections.OrderedDict'>, {'valid_0': OrderedDict([('l1', 52.88921720256689), ('l2', 3198.8099849104665)])})
2023-05-25 18:48:00,154 INFO validation fold: 4, mae: 52.88921720256689
2023-05-25 18:48:00,154 INFO 

2023-05-25 18:48:00,154 INFO ---Finished training---
2023-05-25 18:48:00,154 INFO Mean of mae over all folds: 52.828252768544544
2023-05-25 18:48:00,182 INFO 

2023-05-25 18:48:00,182 INFO ---Perfoming cross-validation training/evaluating. Evaluating fold 0---

2023-05-25 18:48:00,225 INFO defaultdict(<class 'collections.OrderedDict'>, {'valid_0': OrderedDict([('l1', 52.64603561504118), ('l2', 3164.22136423326)])})
2023-05-25 18:48:00,225 INFO validation fold: 0, mae: 52.64603561504118
2023-05-25 18:48:00,225 INFO 

2023-05-25 18:48:00,225 INFO ---Perfoming cross-validation training/evaluating. Evaluating fold 1---

2023-05-25 18:48:00,306 INFO defaultdict(<class 'collections.OrderedDict'>, {'valid_0': OrderedDict([('l1', 52.261697258612124), ('l2', 3146.21853107913)])})
2023-05-25 18:48:00,307 INFO validation fold: 1, mae: 52.261697258612124
2023-05-25 18:48:00,307 INFO 

2023-05-25 18:48:00,307 INFO ---Perfoming cross-validation training/evaluating. Evaluating fold 2---

2023-05-25 18:48:00,426 INFO defaultdict(<class 'collections.OrderedDict'>, {'valid_0': OrderedDict([('l1', 53.54105732381393), ('l2', 3274.469058341376)])})
2023-05-25 18:48:00,427 INFO validation fold: 2, mae: 53.54105732381393
2023-05-25 18:48:00,427 INFO 

2023-05-25 18:48:00,427 INFO ---Perfoming cross-validation training/evaluating. Evaluating fold 3---

2023-05-25 18:48:00,496 INFO defaultdict(<class 'collections.OrderedDict'>, {'valid_0': OrderedDict([('l1', 52.80325644268855), ('l2', 3162.884569994231)])})
2023-05-25 18:48:00,497 INFO validation fold: 3, mae: 52.80325644268855
2023-05-25 18:48:00,497 INFO 

2023-05-25 18:48:00,497 INFO ---Perfoming cross-validation training/evaluating. Evaluating fold 4---

2023-05-25 18:48:00,563 INFO defaultdict(<class 'collections.OrderedDict'>, {'valid_0': OrderedDict([('l1', 52.88921720256689), ('l2', 3198.8099849104665)])})
2023-05-25 18:48:00,563 INFO validation fold: 4, mae: 52.88921720256689
2023-05-25 18:48:00,563 INFO 

2023-05-25 18:48:00,563 INFO ---Finished training---
2023-05-25 18:48:00,564 INFO Mean of mae over all folds: 52.828252768544544
2023-05-25 18:48:00,596 INFO 

2023-05-25 18:48:00,596 INFO ---Perfoming cross-validation training/evaluating. Evaluating fold 0---

2023-05-25 18:48:00,665 INFO defaultdict(<class 'collections.OrderedDict'>, {'valid_0': OrderedDict([('l1', 52.64603561504118), ('l2', 3164.2213642332604)])})
2023-05-25 18:48:00,665 INFO validation fold: 0, mae: 52.64603561504118
2023-05-25 18:48:00,665 INFO 

2023-05-25 18:48:00,665 INFO ---Perfoming cross-validation training/evaluating. Evaluating fold 1---

2023-05-25 18:48:00,746 INFO defaultdict(<class 'collections.OrderedDict'>, {'valid_0': OrderedDict([('l1', 52.261697258612124), ('l2', 3146.21853107913)])})
2023-05-25 18:48:00,746 INFO validation fold: 1, mae: 52.261697258612124
2023-05-25 18:48:00,746 INFO 

2023-05-25 18:48:00,746 INFO ---Perfoming cross-validation training/evaluating. Evaluating fold 2---

2023-05-25 18:48:00,950 INFO defaultdict(<class 'collections.OrderedDict'>, {'valid_0': OrderedDict([('l1', 53.54105732381394), ('l2', 3274.469058341376)])})
2023-05-25 18:48:00,950 INFO validation fold: 2, mae: 53.54105732381394
2023-05-25 18:48:00,950 INFO 

2023-05-25 18:48:00,950 INFO ---Perfoming cross-validation training/evaluating. Evaluating fold 3---

2023-05-25 18:48:01,029 INFO defaultdict(<class 'collections.OrderedDict'>, {'valid_0': OrderedDict([('l1', 52.80325644268855), ('l2', 3162.884569994231)])})
2023-05-25 18:48:01,030 INFO validation fold: 3, mae: 52.80325644268855
2023-05-25 18:48:01,030 INFO 

2023-05-25 18:48:01,030 INFO ---Perfoming cross-validation training/evaluating. Evaluating fold 4---

2023-05-25 18:48:01,097 INFO defaultdict(<class 'collections.OrderedDict'>, {'valid_0': OrderedDict([('l1', 52.88921720256689), ('l2', 3198.809984910467)])})
2023-05-25 18:48:01,097 INFO validation fold: 4, mae: 52.88921720256689
2023-05-25 18:48:01,097 INFO 

2023-05-25 18:48:01,098 INFO ---Finished training---
2023-05-25 18:48:01,098 INFO Mean of mae over all folds: 52.828252768544544
2023-05-25 18:48:01,127 INFO 

2023-05-25 18:48:01,127 INFO ---Perfoming cross-validation training/evaluating. Evaluating fold 0---

2023-05-25 18:48:01,311 INFO defaultdict(<class 'collections.OrderedDict'>, {'valid_0': OrderedDict([('l1', 52.64603561504118), ('l2', 3164.2213642332604)])})
2023-05-25 18:48:01,312 INFO validation fold: 0, mae: 52.64603561504118
2023-05-25 18:48:01,312 INFO 

2023-05-25 18:48:01,312 INFO ---Perfoming cross-validation training/evaluating. Evaluating fold 1---

2023-05-25 18:48:01,413 INFO defaultdict(<class 'collections.OrderedDict'>, {'valid_0': OrderedDict([('l1', 52.261697258612124), ('l2', 3146.21853107913)])})
2023-05-25 18:48:01,413 INFO validation fold: 1, mae: 52.261697258612124
2023-05-25 18:48:01,413 INFO 

2023-05-25 18:48:01,413 INFO ---Perfoming cross-validation training/evaluating. Evaluating fold 2---

2023-05-25 18:48:01,514 INFO defaultdict(<class 'collections.OrderedDict'>, {'valid_0': OrderedDict([('l1', 53.54105732381393), ('l2', 3274.469058341376)])})
2023-05-25 18:48:01,514 INFO validation fold: 2, mae: 53.54105732381393
2023-05-25 18:48:01,514 INFO 

2023-05-25 18:48:01,514 INFO ---Perfoming cross-validation training/evaluating. Evaluating fold 3---

2023-05-25 18:48:02,047 INFO defaultdict(<class 'collections.OrderedDict'>, {'valid_0': OrderedDict([('l1', 52.80325644268855), ('l2', 3162.884569994231)])})
2023-05-25 18:48:02,047 INFO validation fold: 3, mae: 52.80325644268855
2023-05-25 18:48:02,047 INFO 

2023-05-25 18:48:02,048 INFO ---Perfoming cross-validation training/evaluating. Evaluating fold 4---

2023-05-25 18:48:02,332 INFO defaultdict(<class 'collections.OrderedDict'>, {'valid_0': OrderedDict([('l1', 52.88921720256689), ('l2', 3198.809984910467)])})
2023-05-25 18:48:02,332 INFO validation fold: 4, mae: 52.88921720256689
2023-05-25 18:48:02,332 INFO 

2023-05-25 18:48:02,332 INFO ---Finished training---
2023-05-25 18:48:02,332 INFO Mean of mae over all folds: 52.828252768544544
2023-05-25 18:48:02,380 INFO 

2023-05-25 18:48:02,380 INFO ---Perfoming cross-validation training/evaluating. Evaluating fold 0---

2023-05-25 18:48:02,571 INFO defaultdict(<class 'collections.OrderedDict'>, {'valid_0': OrderedDict([('l1', 52.64603561504118), ('l2', 3164.2213642332604)])})
2023-05-25 18:48:02,572 INFO validation fold: 0, mae: 52.64603561504118
2023-05-25 18:48:02,572 INFO 

2023-05-25 18:48:02,572 INFO ---Perfoming cross-validation training/evaluating. Evaluating fold 1---

2023-05-25 18:48:02,937 INFO defaultdict(<class 'collections.OrderedDict'>, {'valid_0': OrderedDict([('l1', 52.261697258612124), ('l2', 3146.21853107913)])})
2023-05-25 18:48:02,937 INFO validation fold: 1, mae: 52.261697258612124
2023-05-25 18:48:02,937 INFO 

2023-05-25 18:48:02,937 INFO ---Perfoming cross-validation training/evaluating. Evaluating fold 2---

2023-05-25 18:48:05,080 INFO defaultdict(<class 'collections.OrderedDict'>, {'valid_0': OrderedDict([('l1', 53.54105732381393), ('l2', 3274.469058341376)])})
2023-05-25 18:48:05,080 INFO validation fold: 2, mae: 53.54105732381393
2023-05-25 18:48:05,081 INFO 

2023-05-25 18:48:05,081 INFO ---Perfoming cross-validation training/evaluating. Evaluating fold 3---

2023-05-25 18:48:05,160 INFO defaultdict(<class 'collections.OrderedDict'>, {'valid_0': OrderedDict([('l1', 52.80325644268855), ('l2', 3162.884569994231)])})
2023-05-25 18:48:05,161 INFO validation fold: 3, mae: 52.80325644268855
2023-05-25 18:48:05,161 INFO 

2023-05-25 18:48:05,161 INFO ---Perfoming cross-validation training/evaluating. Evaluating fold 4---

2023-05-25 18:48:05,194 INFO defaultdict(<class 'collections.OrderedDict'>, {'valid_0': OrderedDict([('l1', 52.88921720256689), ('l2', 3198.809984910467)])})
2023-05-25 18:48:05,194 INFO validation fold: 4, mae: 52.88921720256689
2023-05-25 18:48:05,194 INFO 

2023-05-25 18:48:05,194 INFO ---Finished training---
2023-05-25 18:48:05,194 INFO Mean of mae over all folds: 52.828252768544544
2023-05-25 18:48:05,223 INFO 

2023-05-25 18:48:05,223 INFO ---Perfoming cross-validation training/evaluating. Evaluating fold 0---

2023-05-25 18:48:05,315 INFO defaultdict(<class 'collections.OrderedDict'>, {'valid_0': OrderedDict([('l1', 11.480482599697586), ('l2', 181.92537223385045)])})
2023-05-25 18:48:05,315 INFO validation fold: 0, mae: 11.480482599697586
2023-05-25 18:48:05,315 INFO 

2023-05-25 18:48:05,315 INFO ---Perfoming cross-validation training/evaluating. Evaluating fold 1---

2023-05-25 18:48:05,475 INFO defaultdict(<class 'collections.OrderedDict'>, {'valid_0': OrderedDict([('l1', 11.5831160516016), ('l2', 214.2196647807555)])})
2023-05-25 18:48:05,475 INFO validation fold: 1, mae: 11.5831160516016
2023-05-25 18:48:05,475 INFO 

2023-05-25 18:48:05,475 INFO ---Perfoming cross-validation training/evaluating. Evaluating fold 2---

2023-05-25 18:48:05,594 INFO defaultdict(<class 'collections.OrderedDict'>, {'valid_0': OrderedDict([('l1', 8.679799860570443), ('l2', 118.37792175006233)])})
2023-05-25 18:48:05,595 INFO validation fold: 2, mae: 8.679799860570443
2023-05-25 18:48:05,595 INFO 

2023-05-25 18:48:05,595 INFO ---Perfoming cross-validation training/evaluating. Evaluating fold 3---

2023-05-25 18:48:05,728 INFO defaultdict(<class 'collections.OrderedDict'>, {'valid_0': OrderedDict([('l1', 8.696665225838201), ('l2', 110.30866628769945)])})
2023-05-25 18:48:05,728 INFO validation fold: 3, mae: 8.696665225838201
2023-05-25 18:48:05,729 INFO 

2023-05-25 18:48:05,729 INFO ---Perfoming cross-validation training/evaluating. Evaluating fold 4---

2023-05-25 18:48:05,851 INFO defaultdict(<class 'collections.OrderedDict'>, {'valid_0': OrderedDict([('l1', 9.239970324465117), ('l2', 129.0266465610124)])})
2023-05-25 18:48:05,852 INFO validation fold: 4, mae: 9.239970324465117
2023-05-25 18:48:05,852 INFO 

2023-05-25 18:48:05,852 INFO ---Finished training---
2023-05-25 18:48:05,852 INFO Mean of mae over all folds: 9.93600681243459
2023-05-25 18:48:05,853 INFO {"learning_rate": 0.0560979528749417, "n_estimators": 704, "num_leaves": 585, "max_depth": 6, "min_child_weight": 0.03344444768119558, "min_child_samples": 100}
